Using pre-set license
Built from '2020.3/staging' branch; Version is '2020.3.3f1 (76626098c1c4) revision 7758432'; Using compiler version '192528614'; Build Type 'Release'
OS: 'Windows 10 Home; OS build 19042.1052; Version 2009; 64bit' Language: 'en' Physical Memory: 8038 MB
BatchMode: 1, IsHumanControllingUs: 0, StartBugReporterOnCrash: 0, Is64bit: 1, IsPro: 0

 COMMAND LINE ARGUMENTS:
C:\Program Files\Unity\2020.3.3f1\Editor\Unity.exe
-adb2
-batchMode
-noUpm
-name
AssetImportWorker0
-projectPath
C:/Users/Lexrk/Documents/Vanir Labs/GitHub/Vanaheimr Offline
-logFile
Logs/AssetImportWorker0.log
-srvPort
1782
Successfully changed project path to: C:/Users/Lexrk/Documents/Vanir Labs/GitHub/Vanaheimr Offline
C:/Users/Lexrk/Documents/Vanir Labs/GitHub/Vanaheimr Offline
Using Asset Import Pipeline V2.
Refreshing native plugins compatible for Editor in 44.29 ms, found 1 plugins.
Preloading 0 native plugins for Editor in 0.00 ms.
Initialize engine version: 2020.3.3f1 (76626098c1c4)
[Subsystems] Discovering subsystems at path C:/Program Files/Unity/2020.3.3f1/Editor/Data/Resources/UnitySubsystems
[Subsystems] Discovering subsystems at path C:/Users/Lexrk/Documents/Vanir Labs/GitHub/Vanaheimr Offline/Assets
GfxDevice: creating device client; threaded=0
Direct3D:
    Version:  Direct3D 11.0 [level 11.1]
    Renderer: NVIDIA GeForce GTX 1650 (ID=0x1f91)
    Vendor:   
    VRAM:     3962 MB
    Driver:   27.21.14.6663
Initialize mono
Mono path[0] = 'C:/Program Files/Unity/2020.3.3f1/Editor/Data/Managed'
Mono path[1] = 'C:/Program Files/Unity/2020.3.3f1/Editor/Data/MonoBleedingEdge/lib/mono/unityjit'
Mono config path = 'C:/Program Files/Unity/2020.3.3f1/Editor/Data/MonoBleedingEdge/etc'
Using monoOptions --debugger-agent=transport=dt_socket,embedding=1,server=y,suspend=n,address=127.0.0.1:56136
Begin MonoManager ReloadAssembly
Registering precompiled unity dll's ...
Register platform support module: C:/Program Files/Unity/2020.3.3f1/Editor/Data/PlaybackEngines/WebGLSupport/UnityEditor.WebGL.Extensions.dll
Register platform support module: C:/Program Files/Unity/2020.3.3f1/Editor/Data/PlaybackEngines/WindowsStandaloneSupport/UnityEditor.WindowsStandalone.Extensions.dll
Registered in 0.002339 seconds.
Native extension for WindowsStandalone target not found
Native extension for WebGL target not found
Refreshing native plugins compatible for Editor in 45.46 ms, found 1 plugins.
Preloading 0 native plugins for Editor in 0.00 ms.
Invoked RoslynAnalysisRunner static constructor.
RoslynAnalysisRunner will not be running.
RoslynAnalysisRunner has terminated.
Mono: successfully reloaded assembly
- Completed reload, in  2.132 seconds
Platform modules already initialized, skipping
Registering precompiled user dll's ...
Registered in 0.000977 seconds.
Begin MonoManager ReloadAssembly
Native extension for WindowsStandalone target not found
Native extension for WebGL target not found
Refreshing native plugins compatible for Editor in 43.56 ms, found 1 plugins.
Preloading 0 native plugins for Editor in 0.00 ms.
Invoked RoslynAnalysisRunner static constructor.
RoslynAnalysisRunner will not be running.
RoslynAnalysisRunner has terminated.
Mono: successfully reloaded assembly
- Completed reload, in  0.950 seconds
Platform modules already initialized, skipping
========================================================================
Worker process is ready to serve import requests
Launched and connected shader compiler UnityShaderCompiler.exe after 0.04 seconds
Refreshing native plugins compatible for Editor in 0.42 ms, found 1 plugins.
Preloading 0 native plugins for Editor in 0.00 ms.
Unloading 1813 Unused Serialized files (Serialized files now loaded: 0)
System memory in use before: 85.1 MB.
System memory in use after: 85.0 MB.

Unloading 24 unused Assets to reduce memory usage. Loaded Objects now: 2257.
Total: 2.120800 ms (FindLiveObjects: 0.186800 ms CreateObjectMapping: 0.064300 ms MarkObjects: 1.759100 ms  DeleteObjects: 0.109700 ms)

========================================================================
Received Import Request.
  path: Assets/Scripts/Player/PlayerMove.cs
  artifactKey: Guid(698c5fe175e36a846bdd5ef415252e81) Importer(815301076,1909f56bfc062723c751e8b465ee728b)
Start importing Assets/Scripts/Player/PlayerMove.cs using Guid(698c5fe175e36a846bdd5ef415252e81) Importer(815301076,1909f56bfc062723c751e8b465ee728b)  -> (artifact id: '66b0333dbf6dcb204bc7de6ae1673d53') in 0.036921 seconds
  Import took 0.039929 seconds .

========================================================================
Received Import Request.
  Time since last request: 2382.901726 seconds.
  path: Assets/Tilemaps/Towns/Outside/houseSheet0.png
  artifactKey: Guid(bac255055bfe8e34ca13913ebd0de193) Importer(815301076,1909f56bfc062723c751e8b465ee728b)
Start importing Assets/Tilemaps/Towns/Outside/houseSheet0.png using Guid(bac255055bfe8e34ca13913ebd0de193) Importer(815301076,1909f56bfc062723c751e8b465ee728b)  -> (artifact id: '9644d7ad742495817111add6f807d452') in 0.202205 seconds
  Import took 0.210795 seconds .

========================================================================
Received Import Request.
  Time since last request: 0.000280 seconds.
  path: Assets/Tilemaps/Towns/Outside/ousideSheet0.png
  artifactKey: Guid(4dc9a7f70d9f92e45a3d536c99317c2b) Importer(815301076,1909f56bfc062723c751e8b465ee728b)
Start importing Assets/Tilemaps/Towns/Outside/ousideSheet0.png using Guid(4dc9a7f70d9f92e45a3d536c99317c2b) Importer(815301076,1909f56bfc062723c751e8b465ee728b)  -> (artifact id: '92cc98ec2dfb71ac2f517711dfaad629') in 0.018215 seconds
  Import took 0.021995 seconds .

========================================================================
Received Import Request.
  Time since last request: 280.115118 seconds.
  path: Assets/Tilemaps/Towns/Outside/houseSheet0.png
  artifactKey: Guid(bac255055bfe8e34ca13913ebd0de193) Importer(815301076,1909f56bfc062723c751e8b465ee728b)
Start importing Assets/Tilemaps/Towns/Outside/houseSheet0.png using Guid(bac255055bfe8e34ca13913ebd0de193) Importer(815301076,1909f56bfc062723c751e8b465ee728b)  -> (artifact id: '8e848c0e6ff4e3950f6a6055cafde1e5') in 0.127029 seconds
  Import took 0.133560 seconds .

========================================================================
Received Import Request.
  Time since last request: 0.000298 seconds.
  path: Assets/Tilemaps/Towns/Outside/ousideSheet0.png
  artifactKey: Guid(4dc9a7f70d9f92e45a3d536c99317c2b) Importer(815301076,1909f56bfc062723c751e8b465ee728b)
Start importing Assets/Tilemaps/Towns/Outside/ousideSheet0.png using Guid(4dc9a7f70d9f92e45a3d536c99317c2b) Importer(815301076,1909f56bfc062723c751e8b465ee728b)  -> (artifact id: '96112c2937f08e750ae9c1e057e06a9f') in 0.021454 seconds
  Import took 0.027191 seconds .

========================================================================
Received Import Request.
  Time since last request: 144.151273 seconds.
  path: Assets/Sprites/Player/rogue/rogue.controller
  artifactKey: Guid(05d19555429402746a0913e33bf54b89) Importer(815301076,1909f56bfc062723c751e8b465ee728b)
Start importing Assets/Sprites/Player/rogue/rogue.controller using Guid(05d19555429402746a0913e33bf54b89) Importer(815301076,1909f56bfc062723c751e8b465ee728b)  -> (artifact id: '7bccd16ac866c4bb8584bd7f3c4095de') in 0.021321 seconds
  Import took 0.025226 seconds .

========================================================================
Received Import Request.
  Time since last request: 0.320054 seconds.
  path: Assets/Sprites/Player/rogue/Player.controller
  artifactKey: Guid(dced572cd193e674981bc1d6cd36fb27) Importer(815301076,1909f56bfc062723c751e8b465ee728b)
Start importing Assets/Sprites/Player/rogue/Player.controller using Guid(dced572cd193e674981bc1d6cd36fb27) Importer(815301076,1909f56bfc062723c751e8b465ee728b)  -> (artifact id: '89b56ab6983fd9f1b473d16f41ed198a') in 0.012406 seconds
  Import took 0.016698 seconds .

========================================================================
Received Prepare
Registering precompiled user dll's ...
Registered in 0.003125 seconds.
Begin MonoManager ReloadAssembly
Native extension for WindowsStandalone target not found
Native extension for WebGL target not found
Refreshing native plugins compatible for Editor in 0.44 ms, found 1 plugins.
Preloading 0 native plugins for Editor in 0.00 ms.
Invoked RoslynAnalysisRunner static constructor.
RoslynAnalysisRunner will not be running.
RoslynAnalysisRunner has terminated.
Mono: successfully reloaded assembly
- Completed reload, in  1.023 seconds
Platform modules already initialized, skipping
Refreshing native plugins compatible for Editor in 0.49 ms, found 1 plugins.
Preloading 0 native plugins for Editor in 0.00 ms.
Unloading 1808 Unused Serialized files (Serialized files now loaded: 0)
System memory in use before: 88.2 MB.
System memory in use after: 88.1 MB.

Unloading 12 unused Assets to reduce memory usage. Loaded Objects now: 2289.
Total: 2.066700 ms (FindLiveObjects: 0.182500 ms CreateObjectMapping: 0.065500 ms MarkObjects: 1.693900 ms  DeleteObjects: 0.123600 ms)

========================================================================
Received Prepare
Registering precompiled user dll's ...
Registered in 0.001018 seconds.
Begin MonoManager ReloadAssembly
Native extension for WindowsStandalone target not found
Native extension for WebGL target not found
Refreshing native plugins compatible for Editor in 0.43 ms, found 1 plugins.
Preloading 0 native plugins for Editor in 0.00 ms.
Invoked RoslynAnalysisRunner static constructor.
RoslynAnalysisRunner will not be running.
RoslynAnalysisRunner has terminated.
Mono: successfully reloaded assembly
- Completed reload, in  0.921 seconds
Platform modules already initialized, skipping
Refreshing native plugins compatible for Editor in 0.46 ms, found 1 plugins.
Preloading 0 native plugins for Editor in 0.00 ms.
Unloading 1808 Unused Serialized files (Serialized files now loaded: 0)
System memory in use before: 88.2 MB.
System memory in use after: 88.2 MB.

Unloading 12 unused Assets to reduce memory usage. Loaded Objects now: 2293.
Total: 2.375500 ms (FindLiveObjects: 0.326900 ms CreateObjectMapping: 0.132800 ms MarkObjects: 1.804600 ms  DeleteObjects: 0.109300 ms)

========================================================================
Received Prepare
Registering precompiled user dll's ...
Registered in 0.001072 seconds.
Begin MonoManager ReloadAssembly
Native extension for WindowsStandalone target not found
Native extension for WebGL target not found
Refreshing native plugins compatible for Editor in 0.55 ms, found 1 plugins.
Preloading 0 native plugins for Editor in 0.00 ms.
Invoked RoslynAnalysisRunner static constructor.
RoslynAnalysisRunner will not be running.
RoslynAnalysisRunner has terminated.
Mono: successfully reloaded assembly
- Completed reload, in  0.874 seconds
Platform modules already initialized, skipping
Refreshing native plugins compatible for Editor in 0.49 ms, found 1 plugins.
Preloading 0 native plugins for Editor in 0.00 ms.
Unloading 1808 Unused Serialized files (Serialized files now loaded: 0)
System memory in use before: 88.2 MB.
System memory in use after: 88.2 MB.

Unloading 12 unused Assets to reduce memory usage. Loaded Objects now: 2297.
Total: 2.159200 ms (FindLiveObjects: 0.229800 ms CreateObjectMapping: 0.073000 ms MarkObjects: 1.749900 ms  DeleteObjects: 0.105500 ms)

========================================================================
Received Prepare
Registering precompiled user dll's ...
Registered in 0.001155 seconds.
Begin MonoManager ReloadAssembly
Native extension for WindowsStandalone target not found
Native extension for WebGL target not found
Refreshing native plugins compatible for Editor in 0.52 ms, found 1 plugins.
Preloading 0 native plugins for Editor in 0.00 ms.
Invoked RoslynAnalysisRunner static constructor.
RoslynAnalysisRunner will not be running.
RoslynAnalysisRunner has terminated.
Mono: successfully reloaded assembly
- Completed reload, in  0.875 seconds
Platform modules already initialized, skipping
Refreshing native plugins compatible for Editor in 0.45 ms, found 1 plugins.
Preloading 0 native plugins for Editor in 0.00 ms.
Unloading 1808 Unused Serialized files (Serialized files now loaded: 0)
System memory in use before: 88.3 MB.
System memory in use after: 88.2 MB.

Unloading 12 unused Assets to reduce memory usage. Loaded Objects now: 2301.
Total: 2.344900 ms (FindLiveObjects: 0.308800 ms CreateObjectMapping: 0.155600 ms MarkObjects: 1.767800 ms  DeleteObjects: 0.111400 ms)

========================================================================
Received Prepare
Registering precompiled user dll's ...
Registered in 0.001221 seconds.
Begin MonoManager ReloadAssembly
Native extension for WindowsStandalone target not found
Native extension for WebGL target not found
Refreshing native plugins compatible for Editor in 0.53 ms, found 1 plugins.
Preloading 0 native plugins for Editor in 0.00 ms.
Invoked RoslynAnalysisRunner static constructor.
RoslynAnalysisRunner will not be running.
RoslynAnalysisRunner has terminated.
Mono: successfully reloaded assembly
- Completed reload, in  0.936 seconds
Platform modules already initialized, skipping
Refreshing native plugins compatible for Editor in 0.50 ms, found 1 plugins.
Preloading 0 native plugins for Editor in 0.00 ms.
Unloading 1808 Unused Serialized files (Serialized files now loaded: 0)
System memory in use before: 88.3 MB.
System memory in use after: 88.3 MB.

Unloading 12 unused Assets to reduce memory usage. Loaded Objects now: 2305.
Total: 2.249600 ms (FindLiveObjects: 0.184000 ms CreateObjectMapping: 0.066200 ms MarkObjects: 1.897600 ms  DeleteObjects: 0.100500 ms)

========================================================================
Received Prepare
Registering precompiled user dll's ...
Registered in 0.003118 seconds.
Begin MonoManager ReloadAssembly
Native extension for WindowsStandalone target not found
Native extension for WebGL target not found
Refreshing native plugins compatible for Editor in 0.44 ms, found 1 plugins.
Preloading 0 native plugins for Editor in 0.00 ms.
Invoked RoslynAnalysisRunner static constructor.
RoslynAnalysisRunner will not be running.
RoslynAnalysisRunner has terminated.
Mono: successfully reloaded assembly
- Completed reload, in  0.901 seconds
Platform modules already initialized, skipping
Refreshing native plugins compatible for Editor in 0.86 ms, found 1 plugins.
Preloading 0 native plugins for Editor in 0.00 ms.
Unloading 1808 Unused Serialized files (Serialized files now loaded: 0)
System memory in use before: 88.3 MB.
System memory in use after: 88.3 MB.

Unloading 12 unused Assets to reduce memory usage. Loaded Objects now: 2309.
Total: 2.155400 ms (FindLiveObjects: 0.254800 ms CreateObjectMapping: 0.099100 ms MarkObjects: 1.695800 ms  DeleteObjects: 0.104500 ms)

========================================================================
Received Import Request.
  Time since last request: 6949.976974 seconds.
  path: Assets/Scripts/Prefabs/sheets/unpacked
  artifactKey: Guid(bb53c24d4a33f43489233a0b86e7468d) Importer(815301076,1909f56bfc062723c751e8b465ee728b)
Start importing Assets/Scripts/Prefabs/sheets/unpacked using Guid(bb53c24d4a33f43489233a0b86e7468d) Importer(815301076,1909f56bfc062723c751e8b465ee728b)  -> (artifact id: 'cfe71ff5ef75652c79335b24642c1d1a') in 0.014482 seconds
  Import took 0.018853 seconds .

========================================================================
Received Import Request.
  Time since last request: 41.805858 seconds.
  path: Assets/Scripts/Prefabs/sheets/ousideSheet0.png
  artifactKey: Guid(cc8a5701f7743c04283d7dbddae5ba81) Importer(815301076,1909f56bfc062723c751e8b465ee728b)
Start importing Assets/Scripts/Prefabs/sheets/ousideSheet0.png using Guid(cc8a5701f7743c04283d7dbddae5ba81) Importer(815301076,1909f56bfc062723c751e8b465ee728b)  -> (artifact id: '4ccfb00466c1832e827b41f7adff9c6a') in 0.405716 seconds
  Import took 0.409758 seconds .

========================================================================
Received Import Request.
  Time since last request: 1417.223774 seconds.
  path: Assets/Scripts/Prefabs/sheets/unpacked/ousideSheet0_0.asset
  artifactKey: Guid(122ccda4ecfb6f144b207fd3ae31c01b) Importer(815301076,1909f56bfc062723c751e8b465ee728b)
Start importing Assets/Scripts/Prefabs/sheets/unpacked/ousideSheet0_0.asset using Guid(122ccda4ecfb6f144b207fd3ae31c01b) Importer(815301076,1909f56bfc062723c751e8b465ee728b)  -> (artifact id: '6840567a3ad2860113348424fd051567') in 0.036538 seconds
  Import took 0.040932 seconds .

========================================================================
Received Import Request.
  Time since last request: 0.000227 seconds.
  path: Assets/Scripts/Prefabs/sheets/unpacked/ousideSheet0_8.asset
  artifactKey: Guid(45462fe52cc938e448c1a8e829e17854) Importer(815301076,1909f56bfc062723c751e8b465ee728b)
Start importing Assets/Scripts/Prefabs/sheets/unpacked/ousideSheet0_8.asset using Guid(45462fe52cc938e448c1a8e829e17854) Importer(815301076,1909f56bfc062723c751e8b465ee728b)  -> (artifact id: 'b34f585106f574465f67fca3d3483aea') in 0.014753 seconds
  Import took 0.018981 seconds .

========================================================================
Received Import Request.
  Time since last request: 0.000267 seconds.
  path: Assets/Scripts/Prefabs/sheets/unpacked/ousideSheet0_2.asset
  artifactKey: Guid(f57df703bf82e5246932c96ffb6f34ec) Importer(815301076,1909f56bfc062723c751e8b465ee728b)
Start importing Assets/Scripts/Prefabs/sheets/unpacked/ousideSheet0_2.asset using Guid(f57df703bf82e5246932c96ffb6f34ec) Importer(815301076,1909f56bfc062723c751e8b465ee728b)  -> (artifact id: '6d20a5ef61a4191fc9ff1acbb4b269ea') in 0.018456 seconds
  Import took 0.022573 seconds .

========================================================================
Received Import Request.
  Time since last request: 0.000268 seconds.
  path: Assets/Scripts/Prefabs/sheets/unpacked/ousideSheet0_19.asset
  artifactKey: Guid(25c3d9f2d62996b4a9bde63c4368e330) Importer(815301076,1909f56bfc062723c751e8b465ee728b)
Start importing Assets/Scripts/Prefabs/sheets/unpacked/ousideSheet0_19.asset using Guid(25c3d9f2d62996b4a9bde63c4368e330) Importer(815301076,1909f56bfc062723c751e8b465ee728b)  -> (artifact id: '2baca9340bd3b858cb98b831cee975d7') in 0.016052 seconds
  Import took 0.021014 seconds .

========================================================================
Received Import Request.
  Time since last request: 0.000252 seconds.
  path: Assets/Scripts/Prefabs/sheets/unpacked/ousideSheet0_10.asset
  artifactKey: Guid(b3d9cefe5e5711744b36e15ddcc8ee86) Importer(815301076,1909f56bfc062723c751e8b465ee728b)
Start importing Assets/Scripts/Prefabs/sheets/unpacked/ousideSheet0_10.asset using Guid(b3d9cefe5e5711744b36e15ddcc8ee86) Importer(815301076,1909f56bfc062723c751e8b465ee728b)  -> (artifact id: '66bdec8f5234ad37634ec1d3536a7458') in 0.017605 seconds
  Import took 0.023611 seconds .

========================================================================
Received Import Request.
  Time since last request: 0.000323 seconds.
  path: Assets/Scripts/Prefabs/sheets/unpacked/ousideSheet0_4.asset
  artifactKey: Guid(602f32c4ee18c1c4c8cd5add3dba0886) Importer(815301076,1909f56bfc062723c751e8b465ee728b)
Start importing Assets/Scripts/Prefabs/sheets/unpacked/ousideSheet0_4.asset using Guid(602f32c4ee18c1c4c8cd5add3dba0886) Importer(815301076,1909f56bfc062723c751e8b465ee728b)  -> (artifact id: 'eec29db246e9dfc27f5a67e3b2bc664d') in 0.017431 seconds
  Import took 0.021233 seconds .

========================================================================
Received Import Request.
  Time since last request: 0.000454 seconds.
  path: Assets/Scripts/Prefabs/sheets/unpacked/ousideSheet0_3.asset
  artifactKey: Guid(c066bb7421fac714eb687fd7354188df) Importer(815301076,1909f56bfc062723c751e8b465ee728b)
Start importing Assets/Scripts/Prefabs/sheets/unpacked/ousideSheet0_3.asset using Guid(c066bb7421fac714eb687fd7354188df) Importer(815301076,1909f56bfc062723c751e8b465ee728b)  -> (artifact id: 'dbd11d962b00ab7c91eff50d7c05b4e1') in 0.017194 seconds
  Import took 0.021809 seconds .

========================================================================
Received Import Request.
  Time since last request: 0.000267 seconds.
  path: Assets/Scripts/Prefabs/sheets/unpacked/ousideSheet0_14.asset
  artifactKey: Guid(5defd4522ab349644af7b77bf29cc01a) Importer(815301076,1909f56bfc062723c751e8b465ee728b)
Start importing Assets/Scripts/Prefabs/sheets/unpacked/ousideSheet0_14.asset using Guid(5defd4522ab349644af7b77bf29cc01a) Importer(815301076,1909f56bfc062723c751e8b465ee728b)  -> (artifact id: '87f8ff8630c374d3619cb00a84fc3ef9') in 0.016761 seconds
  Import took 0.023577 seconds .

========================================================================
Received Import Request.
  Time since last request: 0.000196 seconds.
  path: Assets/Scripts/Prefabs/sheets/unpacked/ousideSheet0_5.asset
  artifactKey: Guid(29a2980e2c759af44b4d608b5474de9f) Importer(815301076,1909f56bfc062723c751e8b465ee728b)
Start importing Assets/Scripts/Prefabs/sheets/unpacked/ousideSheet0_5.asset using Guid(29a2980e2c759af44b4d608b5474de9f) Importer(815301076,1909f56bfc062723c751e8b465ee728b)  -> (artifact id: '4a8acd543abf79419bbfd2dd155c2030') in 0.015836 seconds
  Import took 0.020575 seconds .

========================================================================
Received Import Request.
  Time since last request: 0.000295 seconds.
  path: Assets/Scripts/Prefabs/sheets/unpacked/ousideSheet0_28.asset
  artifactKey: Guid(d24ee65f58f765e45ae63b244b30f122) Importer(815301076,1909f56bfc062723c751e8b465ee728b)
Start importing Assets/Scripts/Prefabs/sheets/unpacked/ousideSheet0_28.asset using Guid(d24ee65f58f765e45ae63b244b30f122) Importer(815301076,1909f56bfc062723c751e8b465ee728b)  -> (artifact id: 'b9998902ac91c1d3c698f7c228575706') in 0.017047 seconds
  Import took 0.021134 seconds .

========================================================================
Received Import Request.
  Time since last request: 0.000189 seconds.
  path: Assets/Scripts/Prefabs/sheets/unpacked/ousideSheet0_20.asset
  artifactKey: Guid(11aa5da0a8ab61140a31973d2628d352) Importer(815301076,1909f56bfc062723c751e8b465ee728b)
Start importing Assets/Scripts/Prefabs/sheets/unpacked/ousideSheet0_20.asset using Guid(11aa5da0a8ab61140a31973d2628d352) Importer(815301076,1909f56bfc062723c751e8b465ee728b)  -> (artifact id: 'f3e9019d4342707e7b8f0d02d0bf51d6') in 0.014139 seconds
  Import took 0.020525 seconds .

========================================================================
Received Import Request.
  Time since last request: 0.000181 seconds.
  path: Assets/Scripts/Prefabs/sheets/unpacked/ousideSheet0_13.asset
  artifactKey: Guid(1c7d8cf3cd91427449406c2c4adb1dba) Importer(815301076,1909f56bfc062723c751e8b465ee728b)
Start importing Assets/Scripts/Prefabs/sheets/unpacked/ousideSheet0_13.asset using Guid(1c7d8cf3cd91427449406c2c4adb1dba) Importer(815301076,1909f56bfc062723c751e8b465ee728b)  -> (artifact id: '2fb11d7b100c1de4ce4ea95fcec83041') in 0.017703 seconds
  Import took 0.022220 seconds .

========================================================================
Received Import Request.
  Time since last request: 0.000172 seconds.
  path: Assets/Scripts/Prefabs/sheets/unpacked/ousideSheet0_18.asset
  artifactKey: Guid(f2452cda503d88245ad9e437ab1da492) Importer(815301076,1909f56bfc062723c751e8b465ee728b)
Start importing Assets/Scripts/Prefabs/sheets/unpacked/ousideSheet0_18.asset using Guid(f2452cda503d88245ad9e437ab1da492) Importer(815301076,1909f56bfc062723c751e8b465ee728b)  -> (artifact id: '00d8360d1044d77886242ddf103b9853') in 0.015615 seconds
  Import took 0.019187 seconds .

========================================================================
Received Import Request.
  Time since last request: 0.000245 seconds.
  path: Assets/Scripts/Prefabs/sheets/unpacked/ousideSheet0_26.asset
  artifactKey: Guid(ee17d65c2e691b24382802f8a428b61a) Importer(815301076,1909f56bfc062723c751e8b465ee728b)
Start importing Assets/Scripts/Prefabs/sheets/unpacked/ousideSheet0_26.asset using Guid(ee17d65c2e691b24382802f8a428b61a) Importer(815301076,1909f56bfc062723c751e8b465ee728b)  -> (artifact id: '9dcaf0d396ec3b063e3cd9d8732afca1') in 0.015303 seconds
  Import took 0.018534 seconds .

========================================================================
Received Import Request.
  Time since last request: 0.000171 seconds.
  path: Assets/Scripts/Prefabs/sheets/unpacked/ousideSheet0_15.asset
  artifactKey: Guid(46a437010383d0546945fbfa8f0576d7) Importer(815301076,1909f56bfc062723c751e8b465ee728b)
Start importing Assets/Scripts/Prefabs/sheets/unpacked/ousideSheet0_15.asset using Guid(46a437010383d0546945fbfa8f0576d7) Importer(815301076,1909f56bfc062723c751e8b465ee728b)  -> (artifact id: 'bbb72cf63af1841c9cfbbd48faa540dc') in 0.016182 seconds
  Import took 0.020926 seconds .

========================================================================
Received Import Request.
  Time since last request: 0.000485 seconds.
  path: Assets/Scripts/Prefabs/sheets/unpacked/ousideSheet0_1.asset
  artifactKey: Guid(738a8f0dbc18d8b4ca0a118443829fce) Importer(815301076,1909f56bfc062723c751e8b465ee728b)
Start importing Assets/Scripts/Prefabs/sheets/unpacked/ousideSheet0_1.asset using Guid(738a8f0dbc18d8b4ca0a118443829fce) Importer(815301076,1909f56bfc062723c751e8b465ee728b)  -> (artifact id: '3c9a51aec2bd8c57aac4f8c8a9db227b') in 0.016275 seconds
  Import took 0.020142 seconds .

========================================================================
Received Import Request.
  Time since last request: 0.000206 seconds.
  path: Assets/Scripts/Prefabs/sheets/unpacked/ousideSheet0_7.asset
  artifactKey: Guid(3938d638c59cff34c8548a6d63872a66) Importer(815301076,1909f56bfc062723c751e8b465ee728b)
Start importing Assets/Scripts/Prefabs/sheets/unpacked/ousideSheet0_7.asset using Guid(3938d638c59cff34c8548a6d63872a66) Importer(815301076,1909f56bfc062723c751e8b465ee728b)  -> (artifact id: '2d5fb3ff33d52237af601ce4e828a51b') in 0.013438 seconds
  Import took 0.016938 seconds .

========================================================================
Received Import Request.
  Time since last request: 0.000252 seconds.
  path: Assets/Scripts/Prefabs/sheets/unpacked/ousideSheet0_12.asset
  artifactKey: Guid(febcec78588294c4ca46ac5a9be9aeb7) Importer(815301076,1909f56bfc062723c751e8b465ee728b)
Start importing Assets/Scripts/Prefabs/sheets/unpacked/ousideSheet0_12.asset using Guid(febcec78588294c4ca46ac5a9be9aeb7) Importer(815301076,1909f56bfc062723c751e8b465ee728b)  -> (artifact id: '980f8bcef90d0c57dac06f191daac391') in 0.017763 seconds
  Import took 0.021791 seconds .

========================================================================
Received Import Request.
  Time since last request: 0.000189 seconds.
  path: Assets/Scripts/Prefabs/sheets/unpacked/ousideSheet0_17.asset
  artifactKey: Guid(82882d5a3596a4a408943420af271bef) Importer(815301076,1909f56bfc062723c751e8b465ee728b)
Start importing Assets/Scripts/Prefabs/sheets/unpacked/ousideSheet0_17.asset using Guid(82882d5a3596a4a408943420af271bef) Importer(815301076,1909f56bfc062723c751e8b465ee728b)  -> (artifact id: 'e5b3bc36437f61ac3056b680a219ca35') in 0.017964 seconds
  Import took 0.023175 seconds .

========================================================================
Received Import Request.
  Time since last request: 0.000279 seconds.
  path: Assets/Scripts/Prefabs/sheets/unpacked/ousideSheet0_9.asset
  artifactKey: Guid(54f1efa3c48cde34dab08ac3ebc85be8) Importer(815301076,1909f56bfc062723c751e8b465ee728b)
Start importing Assets/Scripts/Prefabs/sheets/unpacked/ousideSheet0_9.asset using Guid(54f1efa3c48cde34dab08ac3ebc85be8) Importer(815301076,1909f56bfc062723c751e8b465ee728b)  -> (artifact id: '69af84511dd0bf1e840f5bd090de014d') in 0.018908 seconds
  Import took 0.024435 seconds .

========================================================================
Received Import Request.
  Time since last request: 0.000272 seconds.
  path: Assets/Scripts/Prefabs/sheets/unpacked/ousideSheet0_21.asset
  artifactKey: Guid(98deb7b9403132a44ba99b6eb54f3817) Importer(815301076,1909f56bfc062723c751e8b465ee728b)
Start importing Assets/Scripts/Prefabs/sheets/unpacked/ousideSheet0_21.asset using Guid(98deb7b9403132a44ba99b6eb54f3817) Importer(815301076,1909f56bfc062723c751e8b465ee728b)  -> (artifact id: 'aeb8c3ffa00b619b5ee9c199b57f2d53') in 0.022165 seconds
  Import took 0.027187 seconds .

========================================================================
Received Import Request.
  Time since last request: 0.000192 seconds.
  path: Assets/Scripts/Prefabs/sheets/unpacked/ousideSheet0_22.asset
  artifactKey: Guid(19abc41632058f8438edd132faa14a69) Importer(815301076,1909f56bfc062723c751e8b465ee728b)
Start importing Assets/Scripts/Prefabs/sheets/unpacked/ousideSheet0_22.asset using Guid(19abc41632058f8438edd132faa14a69) Importer(815301076,1909f56bfc062723c751e8b465ee728b)  -> (artifact id: 'e7d0a0a9d4661cb14bc848226e491c50') in 0.013410 seconds
  Import took 0.017657 seconds .

========================================================================
Received Import Request.
  Time since last request: 0.000206 seconds.
  path: Assets/Scripts/Prefabs/sheets/unpacked/ousideSheet0_23.asset
  artifactKey: Guid(b327e9feb4b792749a0e9e02446b8101) Importer(815301076,1909f56bfc062723c751e8b465ee728b)
Start importing Assets/Scripts/Prefabs/sheets/unpacked/ousideSheet0_23.asset using Guid(b327e9feb4b792749a0e9e02446b8101) Importer(815301076,1909f56bfc062723c751e8b465ee728b)  -> (artifact id: '19674d3ab236efe31f4ef63174982005') in 0.016651 seconds
  Import took 0.020959 seconds .

========================================================================
Received Import Request.
  Time since last request: 0.000256 seconds.
  path: Assets/Scripts/Prefabs/sheets/unpacked/ousideSheet0_6.asset
  artifactKey: Guid(d90aa946ad6bb4a4c9882643f393c8db) Importer(815301076,1909f56bfc062723c751e8b465ee728b)
Start importing Assets/Scripts/Prefabs/sheets/unpacked/ousideSheet0_6.asset using Guid(d90aa946ad6bb4a4c9882643f393c8db) Importer(815301076,1909f56bfc062723c751e8b465ee728b)  -> (artifact id: 'e39914e7f9db5e750de96462616b231c') in 0.015483 seconds
  Import took 0.019117 seconds .

========================================================================
Received Import Request.
  Time since last request: 0.000179 seconds.
  path: Assets/Scripts/Prefabs/sheets/unpacked/ousideSheet0_24.asset
  artifactKey: Guid(519dea55489d4f749b87a2f804a172a6) Importer(815301076,1909f56bfc062723c751e8b465ee728b)
Start importing Assets/Scripts/Prefabs/sheets/unpacked/ousideSheet0_24.asset using Guid(519dea55489d4f749b87a2f804a172a6) Importer(815301076,1909f56bfc062723c751e8b465ee728b)  -> (artifact id: '6e2731966a6b19c503bbef8a60b0ac61') in 0.022524 seconds
  Import took 0.026357 seconds .

========================================================================
Received Import Request.
  Time since last request: 0.000240 seconds.
  path: Assets/Scripts/Prefabs/sheets/unpacked/ousideSheet0_16.asset
  artifactKey: Guid(cf9b51d0029cee0429532bcd2338ea6f) Importer(815301076,1909f56bfc062723c751e8b465ee728b)
Start importing Assets/Scripts/Prefabs/sheets/unpacked/ousideSheet0_16.asset using Guid(cf9b51d0029cee0429532bcd2338ea6f) Importer(815301076,1909f56bfc062723c751e8b465ee728b)  -> (artifact id: '2900ecd42e18b3c63356a4db92380ba0') in 0.019329 seconds
  Import took 0.025097 seconds .

========================================================================
Received Import Request.
  Time since last request: 0.000537 seconds.
  path: Assets/Scripts/Prefabs/sheets/unpacked/ousideSheet0_27.asset
  artifactKey: Guid(e46e48a602aa8e740a5d99b04739b98c) Importer(815301076,1909f56bfc062723c751e8b465ee728b)
Start importing Assets/Scripts/Prefabs/sheets/unpacked/ousideSheet0_27.asset using Guid(e46e48a602aa8e740a5d99b04739b98c) Importer(815301076,1909f56bfc062723c751e8b465ee728b)  -> (artifact id: '968c982c016e2757028842de6f1fcd77') in 0.015117 seconds
  Import took 0.020864 seconds .

========================================================================
Received Import Request.
  Time since last request: 0.000236 seconds.
  path: Assets/Scripts/Prefabs/sheets/unpacked/ousideSheet0_25.asset
  artifactKey: Guid(484d1a5e4faa18042899f0b12ed3d125) Importer(815301076,1909f56bfc062723c751e8b465ee728b)
Start importing Assets/Scripts/Prefabs/sheets/unpacked/ousideSheet0_25.asset using Guid(484d1a5e4faa18042899f0b12ed3d125) Importer(815301076,1909f56bfc062723c751e8b465ee728b)  -> (artifact id: 'b0a85ff5a9728a9673deab67b3b9171b') in 0.017826 seconds
  Import took 0.022921 seconds .

========================================================================
Received Import Request.
  Time since last request: 0.000231 seconds.
  path: Assets/Scripts/Prefabs/sheets/unpacked/ousideSheet0_11.asset
  artifactKey: Guid(1e4b664b04624a044a93097787786fe8) Importer(815301076,1909f56bfc062723c751e8b465ee728b)
Start importing Assets/Scripts/Prefabs/sheets/unpacked/ousideSheet0_11.asset using Guid(1e4b664b04624a044a93097787786fe8) Importer(815301076,1909f56bfc062723c751e8b465ee728b)  -> (artifact id: '73e2d5a37afc01cca2ca2568bf5e4f07') in 0.015732 seconds
  Import took 0.021115 seconds .

========================================================================
Received Import Request.
  Time since last request: 90.461567 seconds.
  path: Assets/Scripts/Prefabs/prefabs/buildings/house0.prefab
  artifactKey: Guid(8159c75f7a26f7049b633b75637403af) Importer(815301076,1909f56bfc062723c751e8b465ee728b)
Start importing Assets/Scripts/Prefabs/prefabs/buildings/house0.prefab using Guid(8159c75f7a26f7049b633b75637403af) Importer(815301076,1909f56bfc062723c751e8b465ee728b)  -> (artifact id: 'f8fec26d7540c8f19f018d2572bb0e09') in 0.096044 seconds
  Import took 0.100321 seconds .

========================================================================
Received Import Request.
  Time since last request: 0.042389 seconds.
  path: Assets/Scripts/Prefabs/prefabs/buildings/house0.prefab
  artifactKey: Guid(8159c75f7a26f7049b633b75637403af) Importer(815301076,1909f56bfc062723c751e8b465ee728b)
Start importing Assets/Scripts/Prefabs/prefabs/buildings/house0.prefab using Guid(8159c75f7a26f7049b633b75637403af) Importer(815301076,1909f56bfc062723c751e8b465ee728b)  -> (artifact id: 'f8fec26d7540c8f19f018d2572bb0e09') in 0.038112 seconds
  Import took 0.043670 seconds .

========================================================================
Received Import Request.
  Time since last request: 2.054990 seconds.
  path: Assets/Scripts/Prefabs/prefabs/buildings/house0.prefab
  artifactKey: Guid(8159c75f7a26f7049b633b75637403af) Importer(815301076,1909f56bfc062723c751e8b465ee728b)
Start importing Assets/Scripts/Prefabs/prefabs/buildings/house0.prefab using Guid(8159c75f7a26f7049b633b75637403af) Importer(815301076,1909f56bfc062723c751e8b465ee728b)  -> (artifact id: '31aa44854dd581ad83e1218193e1c801') in 0.033681 seconds
  Import took 0.038154 seconds .

========================================================================
Received Import Request.
  Time since last request: 14.241487 seconds.
  path: Assets/Scripts/Prefabs/prefabs/buildings/house0.prefab
  artifactKey: Guid(8159c75f7a26f7049b633b75637403af) Importer(815301076,1909f56bfc062723c751e8b465ee728b)
Start importing Assets/Scripts/Prefabs/prefabs/buildings/house0.prefab using Guid(8159c75f7a26f7049b633b75637403af) Importer(815301076,1909f56bfc062723c751e8b465ee728b)  -> (artifact id: 'bd4e53048844ff33fb1883e5692c9b93') in 0.036859 seconds
  Import took 0.042841 seconds .

========================================================================
Received Import Request.
  Time since last request: 0.043599 seconds.
  path: Assets/Scripts/Prefabs/prefabs/buildings/house0.prefab
  artifactKey: Guid(8159c75f7a26f7049b633b75637403af) Importer(815301076,1909f56bfc062723c751e8b465ee728b)
Start importing Assets/Scripts/Prefabs/prefabs/buildings/house0.prefab using Guid(8159c75f7a26f7049b633b75637403af) Importer(815301076,1909f56bfc062723c751e8b465ee728b)  -> (artifact id: 'bd4e53048844ff33fb1883e5692c9b93') in 0.031815 seconds
  Import took 0.035695 seconds .

========================================================================
Received Import Request.
  Time since last request: 3.736642 seconds.
  path: Assets/Scripts/Prefabs/prefabs/buildings/house0.prefab
  artifactKey: Guid(8159c75f7a26f7049b633b75637403af) Importer(815301076,1909f56bfc062723c751e8b465ee728b)
Start importing Assets/Scripts/Prefabs/prefabs/buildings/house0.prefab using Guid(8159c75f7a26f7049b633b75637403af) Importer(815301076,1909f56bfc062723c751e8b465ee728b)  -> (artifact id: '8082384d2d64e1c255c74b89d06c46ac') in 0.033525 seconds
  Import took 0.039664 seconds .

========================================================================
Received Import Request.
  Time since last request: 3.036487 seconds.
  path: Assets/Scripts/Prefabs/prefabs/buildings/house0.prefab
  artifactKey: Guid(8159c75f7a26f7049b633b75637403af) Importer(815301076,1909f56bfc062723c751e8b465ee728b)
Start importing Assets/Scripts/Prefabs/prefabs/buildings/house0.prefab using Guid(8159c75f7a26f7049b633b75637403af) Importer(815301076,1909f56bfc062723c751e8b465ee728b)  -> (artifact id: '90c2be3fb9364c6fd0e7f75536fd1518') in 0.033569 seconds
  Import took 0.037967 seconds .

========================================================================
Received Import Request.
  Time since last request: 1.190682 seconds.
  path: Assets/Scripts/Prefabs/prefabs/buildings/house0.prefab
  artifactKey: Guid(8159c75f7a26f7049b633b75637403af) Importer(815301076,1909f56bfc062723c751e8b465ee728b)
Start importing Assets/Scripts/Prefabs/prefabs/buildings/house0.prefab using Guid(8159c75f7a26f7049b633b75637403af) Importer(815301076,1909f56bfc062723c751e8b465ee728b)  -> (artifact id: '8a74cee3a568cc891d78cb27aa233902') in 0.033992 seconds
  Import took 0.038059 seconds .

========================================================================
Received Import Request.
  Time since last request: 7.904908 seconds.
  path: Assets/Scripts/Prefabs/prefabs/buildings/house0.prefab
  artifactKey: Guid(8159c75f7a26f7049b633b75637403af) Importer(815301076,1909f56bfc062723c751e8b465ee728b)
Start importing Assets/Scripts/Prefabs/prefabs/buildings/house0.prefab using Guid(8159c75f7a26f7049b633b75637403af) Importer(815301076,1909f56bfc062723c751e8b465ee728b)  -> (artifact id: '486786f8c25ac02f5ccbd29f9c651bbb') in 0.028884 seconds
  Import took 0.033469 seconds .

========================================================================
Received Import Request.
  Time since last request: 9.269797 seconds.
  path: Assets/Scripts/Prefabs/prefabs/buildings/house0.prefab
  artifactKey: Guid(8159c75f7a26f7049b633b75637403af) Importer(815301076,1909f56bfc062723c751e8b465ee728b)
Start importing Assets/Scripts/Prefabs/prefabs/buildings/house0.prefab using Guid(8159c75f7a26f7049b633b75637403af) Importer(815301076,1909f56bfc062723c751e8b465ee728b)  -> (artifact id: 'fd5b4656c72ff40b285427b4c71c70ce') in 0.028991 seconds
  Import took 0.035921 seconds .

========================================================================
Received Import Request.
  Time since last request: 0.046418 seconds.
  path: Assets/Scripts/Prefabs/prefabs/buildings/house0.prefab
  artifactKey: Guid(8159c75f7a26f7049b633b75637403af) Importer(815301076,1909f56bfc062723c751e8b465ee728b)
Start importing Assets/Scripts/Prefabs/prefabs/buildings/house0.prefab using Guid(8159c75f7a26f7049b633b75637403af) Importer(815301076,1909f56bfc062723c751e8b465ee728b)  -> (artifact id: 'fd5b4656c72ff40b285427b4c71c70ce') in 0.027606 seconds
  Import took 0.031250 seconds .

========================================================================
Received Prepare
Registering precompiled user dll's ...
Registered in 0.003769 seconds.
Begin MonoManager ReloadAssembly
Native extension for WindowsStandalone target not found
Native extension for WebGL target not found
Refreshing native plugins compatible for Editor in 0.44 ms, found 1 plugins.
Preloading 0 native plugins for Editor in 0.00 ms.
Invoked RoslynAnalysisRunner static constructor.
RoslynAnalysisRunner will not be running.
RoslynAnalysisRunner has terminated.
Mono: successfully reloaded assembly
- Completed reload, in  0.972 seconds
Platform modules already initialized, skipping
Refreshing native plugins compatible for Editor in 0.46 ms, found 1 plugins.
Preloading 0 native plugins for Editor in 0.00 ms.
Unloading 1808 Unused Serialized files (Serialized files now loaded: 0)
System memory in use before: 88.4 MB.
System memory in use after: 88.4 MB.

Unloading 12 unused Assets to reduce memory usage. Loaded Objects now: 2328.
Total: 2.228400 ms (FindLiveObjects: 0.256500 ms CreateObjectMapping: 0.081600 ms MarkObjects: 1.795900 ms  DeleteObjects: 0.093400 ms)

========================================================================
Received Import Request.
  Time since last request: 150.847437 seconds.
  path: Assets/Tilemaps/ousideSheet0.png
  artifactKey: Guid(eedec0a152e09c14888ded7e2eeacedf) Importer(815301076,1909f56bfc062723c751e8b465ee728b)
Start importing Assets/Tilemaps/ousideSheet0.png using Guid(eedec0a152e09c14888ded7e2eeacedf) Importer(815301076,1909f56bfc062723c751e8b465ee728b)  -> (artifact id: 'c6351fdb672c9276604364147d9994cc') in 0.070503 seconds
  Import took 0.073810 seconds .

========================================================================
Received Import Request.
  Time since last request: 9.635881 seconds.
  path: Assets/Tilemaps/Towns/Outside/houseSheet0.png
  artifactKey: Guid(bac255055bfe8e34ca13913ebd0de193) Importer(815301076,1909f56bfc062723c751e8b465ee728b)
Start importing Assets/Tilemaps/Towns/Outside/houseSheet0.png using Guid(bac255055bfe8e34ca13913ebd0de193) Importer(815301076,1909f56bfc062723c751e8b465ee728b)  -> (artifact id: '56cec1c48dc807eb896e28779e6a0d77') in 0.096273 seconds
  Import took 0.101057 seconds .

========================================================================
Received Import Request.
  Time since last request: 1969.023632 seconds.
  path: Assets/Tilemaps/Towns/Outside/houseSheet0.png
  artifactKey: Guid(bac255055bfe8e34ca13913ebd0de193) Importer(815301076,1909f56bfc062723c751e8b465ee728b)
Start importing Assets/Tilemaps/Towns/Outside/houseSheet0.png using Guid(bac255055bfe8e34ca13913ebd0de193) Importer(815301076,1909f56bfc062723c751e8b465ee728b)  -> (artifact id: 'b2214af51ab5fdfbcad19593983e489e') in 0.127001 seconds
  Import took 0.133152 seconds .

========================================================================
Received Prepare
Registering precompiled user dll's ...
Registered in 0.001113 seconds.
Begin MonoManager ReloadAssembly
Native extension for WindowsStandalone target not found
Native extension for WebGL target not found
Refreshing native plugins compatible for Editor in 0.46 ms, found 1 plugins.
Preloading 0 native plugins for Editor in 0.00 ms.
Invoked RoslynAnalysisRunner static constructor.
RoslynAnalysisRunner will not be running.
RoslynAnalysisRunner has terminated.
Mono: successfully reloaded assembly
- Completed reload, in  0.855 seconds
Platform modules already initialized, skipping
Refreshing native plugins compatible for Editor in 0.43 ms, found 1 plugins.
Preloading 0 native plugins for Editor in 0.00 ms.
Unloading 1808 Unused Serialized files (Serialized files now loaded: 0)
System memory in use before: 88.4 MB.
System memory in use after: 88.4 MB.

Unloading 12 unused Assets to reduce memory usage. Loaded Objects now: 2334.
Total: 2.014600 ms (FindLiveObjects: 0.188300 ms CreateObjectMapping: 0.059600 ms MarkObjects: 1.666600 ms  DeleteObjects: 0.099100 ms)

========================================================================
Received Import Request.
  Time since last request: 1964.644798 seconds.
  path: Assets/Tilemaps/Towns/Outside/houseSheet0.png
  artifactKey: Guid(bac255055bfe8e34ca13913ebd0de193) Importer(815301076,1909f56bfc062723c751e8b465ee728b)
Start importing Assets/Tilemaps/Towns/Outside/houseSheet0.png using Guid(bac255055bfe8e34ca13913ebd0de193) Importer(815301076,1909f56bfc062723c751e8b465ee728b)  -> (artifact id: '91f0068584f0ecc60d02726b99140990') in 0.197706 seconds
  Import took 0.202615 seconds .

AssetImportWorkerClient::OnTransportError - code=2 error=End of file
