Using pre-set license
Built from '2020.3/staging' branch; Version is '2020.3.3f1 (76626098c1c4) revision 7758432'; Using compiler version '192528614'; Build Type 'Release'
OS: 'Windows 10 Home; OS build 19042.1052; Version 2009; 64bit' Language: 'en' Physical Memory: 8038 MB
BatchMode: 1, IsHumanControllingUs: 0, StartBugReporterOnCrash: 0, Is64bit: 1, IsPro: 0

 COMMAND LINE ARGUMENTS:
C:\Program Files\Unity\2020.3.3f1\Editor\Unity.exe
-adb2
-batchMode
-noUpm
-name
AssetImportWorker0
-projectPath
C:/Users/Lexrk/Documents/Vanir Labs/GitHub/Vanaheimr Offline
-logFile
Logs/AssetImportWorker0.log
-srvPort
12110
Successfully changed project path to: C:/Users/Lexrk/Documents/Vanir Labs/GitHub/Vanaheimr Offline
C:/Users/Lexrk/Documents/Vanir Labs/GitHub/Vanaheimr Offline
Using Asset Import Pipeline V2.
Refreshing native plugins compatible for Editor in 44.82 ms, found 1 plugins.
Preloading 0 native plugins for Editor in 0.00 ms.
Initialize engine version: 2020.3.3f1 (76626098c1c4)
[Subsystems] Discovering subsystems at path C:/Program Files/Unity/2020.3.3f1/Editor/Data/Resources/UnitySubsystems
[Subsystems] Discovering subsystems at path C:/Users/Lexrk/Documents/Vanir Labs/GitHub/Vanaheimr Offline/Assets
GfxDevice: creating device client; threaded=0
Direct3D:
    Version:  Direct3D 11.0 [level 11.1]
    Renderer: NVIDIA GeForce GTX 1650 (ID=0x1f91)
    Vendor:   
    VRAM:     3962 MB
    Driver:   27.21.14.6663
Initialize mono
Mono path[0] = 'C:/Program Files/Unity/2020.3.3f1/Editor/Data/Managed'
Mono path[1] = 'C:/Program Files/Unity/2020.3.3f1/Editor/Data/MonoBleedingEdge/lib/mono/unityjit'
Mono config path = 'C:/Program Files/Unity/2020.3.3f1/Editor/Data/MonoBleedingEdge/etc'
Using monoOptions --debugger-agent=transport=dt_socket,embedding=1,server=y,suspend=n,address=127.0.0.1:56464
Begin MonoManager ReloadAssembly
Registering precompiled unity dll's ...
Register platform support module: C:/Program Files/Unity/2020.3.3f1/Editor/Data/PlaybackEngines/WebGLSupport/UnityEditor.WebGL.Extensions.dll
Register platform support module: C:/Program Files/Unity/2020.3.3f1/Editor/Data/PlaybackEngines/WindowsStandaloneSupport/UnityEditor.WindowsStandalone.Extensions.dll
Registered in 0.002369 seconds.
Native extension for WindowsStandalone target not found
Native extension for WebGL target not found
Refreshing native plugins compatible for Editor in 45.64 ms, found 1 plugins.
Preloading 0 native plugins for Editor in 0.00 ms.
Invoked RoslynAnalysisRunner static constructor.
RoslynAnalysisRunner will not be running.
RoslynAnalysisRunner has terminated.
Mono: successfully reloaded assembly
- Completed reload, in  3.702 seconds
Platform modules already initialized, skipping
Registering precompiled user dll's ...
Registered in 0.000999 seconds.
Begin MonoManager ReloadAssembly
Native extension for WindowsStandalone target not found
Native extension for WebGL target not found
Refreshing native plugins compatible for Editor in 44.82 ms, found 1 plugins.
Preloading 0 native plugins for Editor in 0.00 ms.
Invoked RoslynAnalysisRunner static constructor.
RoslynAnalysisRunner will not be running.
RoslynAnalysisRunner has terminated.
Mono: successfully reloaded assembly
- Completed reload, in  0.995 seconds
Platform modules already initialized, skipping
========================================================================
Worker process is ready to serve import requests
Launched and connected shader compiler UnityShaderCompiler.exe after 0.04 seconds
Refreshing native plugins compatible for Editor in 0.46 ms, found 1 plugins.
Preloading 0 native plugins for Editor in 0.00 ms.
Unloading 1813 Unused Serialized files (Serialized files now loaded: 0)
System memory in use before: 85.1 MB.
System memory in use after: 85.0 MB.

Unloading 24 unused Assets to reduce memory usage. Loaded Objects now: 2257.
Total: 2.212000 ms (FindLiveObjects: 0.247500 ms CreateObjectMapping: 0.180800 ms MarkObjects: 1.665400 ms  DeleteObjects: 0.116700 ms)

========================================================================
Received Import Request.
  path: Assets/Scripts/Prefabs/prefabs/buildings/house1.prefab
  artifactKey: Guid(26198cc3079544546b80c4b1ece3b6a1) Importer(815301076,1909f56bfc062723c751e8b465ee728b)
Start importing Assets/Scripts/Prefabs/prefabs/buildings/house1.prefab using Guid(26198cc3079544546b80c4b1ece3b6a1) Importer(815301076,1909f56bfc062723c751e8b465ee728b)  -> (artifact id: '0c7fef2b0fdf6206acc823a9ef9fd50d') in 0.166367 seconds
  Import took 0.170128 seconds .

========================================================================
Received Import Request.
  Time since last request: 9.809120 seconds.
  path: Assets/Scripts/Prefabs/prefabs/buildings/house2.prefab
  artifactKey: Guid(0e425a7df484fa546bd7e226b7bee22a) Importer(815301076,1909f56bfc062723c751e8b465ee728b)
Start importing Assets/Scripts/Prefabs/prefabs/buildings/house2.prefab using Guid(0e425a7df484fa546bd7e226b7bee22a) Importer(815301076,1909f56bfc062723c751e8b465ee728b)  -> (artifact id: 'c4e521267a11ecf0d3b548796f8f3c63') in 0.041291 seconds
  Import took 0.046184 seconds .

========================================================================
Received Import Request.
  Time since last request: 0.005588 seconds.
  path: Assets/Scripts/Prefabs/prefabs/buildings/house2.prefab
  artifactKey: Guid(0e425a7df484fa546bd7e226b7bee22a) Importer(815301076,1909f56bfc062723c751e8b465ee728b)
Start importing Assets/Scripts/Prefabs/prefabs/buildings/house2.prefab using Guid(0e425a7df484fa546bd7e226b7bee22a) Importer(815301076,1909f56bfc062723c751e8b465ee728b)  -> (artifact id: 'c4e521267a11ecf0d3b548796f8f3c63') in 0.030602 seconds
  Import took 0.035321 seconds .

========================================================================
Received Import Request.
  Time since last request: 8.757506 seconds.
  path: Assets/Scripts/Prefabs/prefabs/buildings/house3.prefab
  artifactKey: Guid(5452f0407832dcd4fa00407abf63d87a) Importer(815301076,1909f56bfc062723c751e8b465ee728b)
Start importing Assets/Scripts/Prefabs/prefabs/buildings/house3.prefab using Guid(5452f0407832dcd4fa00407abf63d87a) Importer(815301076,1909f56bfc062723c751e8b465ee728b)  -> (artifact id: '2b9bafc76f9e22c3f85476354ab576bf') in 0.040442 seconds
  Import took 0.047449 seconds .

========================================================================
Received Import Request.
  Time since last request: 0.009014 seconds.
  path: Assets/Scripts/Prefabs/prefabs/buildings/house3.prefab
  artifactKey: Guid(5452f0407832dcd4fa00407abf63d87a) Importer(815301076,1909f56bfc062723c751e8b465ee728b)
Start importing Assets/Scripts/Prefabs/prefabs/buildings/house3.prefab using Guid(5452f0407832dcd4fa00407abf63d87a) Importer(815301076,1909f56bfc062723c751e8b465ee728b)  -> (artifact id: '2b9bafc76f9e22c3f85476354ab576bf') in 0.028264 seconds
  Import took 0.032211 seconds .

========================================================================
Received Import Request.
  Time since last request: 14.957894 seconds.
  path: Assets/Scripts/Prefabs/prefabs/buildings/chickenDen.prefab
  artifactKey: Guid(35d393eb73a71964eb3f9b6944fa014c) Importer(815301076,1909f56bfc062723c751e8b465ee728b)
Start importing Assets/Scripts/Prefabs/prefabs/buildings/chickenDen.prefab using Guid(35d393eb73a71964eb3f9b6944fa014c) Importer(815301076,1909f56bfc062723c751e8b465ee728b)  -> (artifact id: 'e531b212fdeec90748c075a3cce9ce8f') in 0.038227 seconds
  Import took 0.043890 seconds .

========================================================================
Received Import Request.
  Time since last request: 171.999032 seconds.
  path: Assets/Tilemaps/Towns/Outside/houseSheet0.png
  artifactKey: Guid(bac255055bfe8e34ca13913ebd0de193) Importer(815301076,1909f56bfc062723c751e8b465ee728b)
Start importing Assets/Tilemaps/Towns/Outside/houseSheet0.png using Guid(bac255055bfe8e34ca13913ebd0de193) Importer(815301076,1909f56bfc062723c751e8b465ee728b)  -> (artifact id: '5bb6d251a0c860124c56aca5d9ffb8e1') in 0.181866 seconds
  Import took 0.187390 seconds .

========================================================================
Received Prepare
Registering precompiled user dll's ...
Registered in 0.001124 seconds.
Begin MonoManager ReloadAssembly
Native extension for WindowsStandalone target not found
Native extension for WebGL target not found
Refreshing native plugins compatible for Editor in 0.44 ms, found 1 plugins.
Preloading 0 native plugins for Editor in 0.00 ms.
Invoked RoslynAnalysisRunner static constructor.
RoslynAnalysisRunner will not be running.
RoslynAnalysisRunner has terminated.
Mono: successfully reloaded assembly
- Completed reload, in  0.867 seconds
Platform modules already initialized, skipping
Refreshing native plugins compatible for Editor in 0.44 ms, found 1 plugins.
Preloading 0 native plugins for Editor in 0.00 ms.
Unloading 1808 Unused Serialized files (Serialized files now loaded: 0)
System memory in use before: 88.2 MB.
System memory in use after: 88.2 MB.

Unloading 12 unused Assets to reduce memory usage. Loaded Objects now: 2308.
Total: 2.318600 ms (FindLiveObjects: 0.422600 ms CreateObjectMapping: 0.144800 ms MarkObjects: 1.643600 ms  DeleteObjects: 0.106500 ms)

========================================================================
Received Prepare
Registering precompiled user dll's ...
Registered in 0.001185 seconds.
Begin MonoManager ReloadAssembly
Native extension for WindowsStandalone target not found
Native extension for WebGL target not found
Refreshing native plugins compatible for Editor in 0.53 ms, found 1 plugins.
Preloading 0 native plugins for Editor in 0.00 ms.
Invoked RoslynAnalysisRunner static constructor.
RoslynAnalysisRunner will not be running.
RoslynAnalysisRunner has terminated.
Mono: successfully reloaded assembly
- Completed reload, in  0.905 seconds
Platform modules already initialized, skipping
Refreshing native plugins compatible for Editor in 0.48 ms, found 1 plugins.
Preloading 0 native plugins for Editor in 0.00 ms.
Unloading 1808 Unused Serialized files (Serialized files now loaded: 0)
System memory in use before: 88.2 MB.
System memory in use after: 88.2 MB.

Unloading 12 unused Assets to reduce memory usage. Loaded Objects now: 2312.
Total: 1.958300 ms (FindLiveObjects: 0.193700 ms CreateObjectMapping: 0.078600 ms MarkObjects: 1.577100 ms  DeleteObjects: 0.107600 ms)

========================================================================
Received Prepare
Registering precompiled user dll's ...
Registered in 0.001220 seconds.
Begin MonoManager ReloadAssembly
Native extension for WindowsStandalone target not found
Native extension for WebGL target not found
Refreshing native plugins compatible for Editor in 0.47 ms, found 1 plugins.
Preloading 0 native plugins for Editor in 0.00 ms.
Invoked RoslynAnalysisRunner static constructor.
RoslynAnalysisRunner will not be running.
RoslynAnalysisRunner has terminated.
Mono: successfully reloaded assembly
- Completed reload, in  0.947 seconds
Platform modules already initialized, skipping
Refreshing native plugins compatible for Editor in 0.46 ms, found 1 plugins.
Preloading 0 native plugins for Editor in 0.00 ms.
Unloading 1808 Unused Serialized files (Serialized files now loaded: 0)
System memory in use before: 88.3 MB.
System memory in use after: 88.2 MB.

Unloading 12 unused Assets to reduce memory usage. Loaded Objects now: 2316.
Total: 2.309700 ms (FindLiveObjects: 0.185600 ms CreateObjectMapping: 0.070200 ms MarkObjects: 1.954800 ms  DeleteObjects: 0.097800 ms)

========================================================================
Received Prepare
Registering precompiled user dll's ...
Registered in 0.001206 seconds.
Begin MonoManager ReloadAssembly
Native extension for WindowsStandalone target not found
Native extension for WebGL target not found
Refreshing native plugins compatible for Editor in 0.44 ms, found 1 plugins.
Preloading 0 native plugins for Editor in 0.00 ms.
Invoked RoslynAnalysisRunner static constructor.
RoslynAnalysisRunner will not be running.
RoslynAnalysisRunner has terminated.
Mono: successfully reloaded assembly
- Completed reload, in  0.890 seconds
Platform modules already initialized, skipping
Refreshing native plugins compatible for Editor in 0.51 ms, found 1 plugins.
Preloading 0 native plugins for Editor in 0.00 ms.
Unloading 1808 Unused Serialized files (Serialized files now loaded: 0)
System memory in use before: 88.3 MB.
System memory in use after: 88.3 MB.

Unloading 12 unused Assets to reduce memory usage. Loaded Objects now: 2320.
Total: 2.978100 ms (FindLiveObjects: 0.399300 ms CreateObjectMapping: 0.154500 ms MarkObjects: 2.267800 ms  DeleteObjects: 0.155000 ms)

========================================================================
Received Prepare
Registering precompiled user dll's ...
Registered in 0.001441 seconds.
Begin MonoManager ReloadAssembly
Native extension for WindowsStandalone target not found
Native extension for WebGL target not found
Refreshing native plugins compatible for Editor in 0.77 ms, found 1 plugins.
Preloading 0 native plugins for Editor in 0.00 ms.
Invoked RoslynAnalysisRunner static constructor.
RoslynAnalysisRunner will not be running.
RoslynAnalysisRunner has terminated.
Mono: successfully reloaded assembly
- Completed reload, in  0.930 seconds
Platform modules already initialized, skipping
Refreshing native plugins compatible for Editor in 0.46 ms, found 1 plugins.
Preloading 0 native plugins for Editor in 0.00 ms.
Unloading 1808 Unused Serialized files (Serialized files now loaded: 0)
System memory in use before: 88.3 MB.
System memory in use after: 88.3 MB.

Unloading 12 unused Assets to reduce memory usage. Loaded Objects now: 2324.
Total: 2.391300 ms (FindLiveObjects: 0.310000 ms CreateObjectMapping: 0.087100 ms MarkObjects: 1.879400 ms  DeleteObjects: 0.113600 ms)

========================================================================
Received Prepare
Registering precompiled user dll's ...
Registered in 0.001129 seconds.
Begin MonoManager ReloadAssembly
Native extension for WindowsStandalone target not found
Native extension for WebGL target not found
Refreshing native plugins compatible for Editor in 0.49 ms, found 1 plugins.
Preloading 0 native plugins for Editor in 0.00 ms.
Invoked RoslynAnalysisRunner static constructor.
RoslynAnalysisRunner will not be running.
RoslynAnalysisRunner has terminated.
Mono: successfully reloaded assembly
- Completed reload, in  0.897 seconds
Platform modules already initialized, skipping
Refreshing native plugins compatible for Editor in 0.73 ms, found 1 plugins.
Preloading 0 native plugins for Editor in 0.00 ms.
Unloading 1808 Unused Serialized files (Serialized files now loaded: 0)
System memory in use before: 88.3 MB.
System memory in use after: 88.3 MB.

Unloading 12 unused Assets to reduce memory usage. Loaded Objects now: 2328.
Total: 2.411900 ms (FindLiveObjects: 0.263300 ms CreateObjectMapping: 0.073000 ms MarkObjects: 1.968200 ms  DeleteObjects: 0.105800 ms)

========================================================================
Received Prepare
Registering precompiled user dll's ...
Registered in 0.001255 seconds.
Begin MonoManager ReloadAssembly
Native extension for WindowsStandalone target not found
Native extension for WebGL target not found
Refreshing native plugins compatible for Editor in 0.48 ms, found 1 plugins.
Preloading 0 native plugins for Editor in 0.00 ms.
Invoked RoslynAnalysisRunner static constructor.
RoslynAnalysisRunner will not be running.
RoslynAnalysisRunner has terminated.
Mono: successfully reloaded assembly
- Completed reload, in  0.900 seconds
Platform modules already initialized, skipping
Refreshing native plugins compatible for Editor in 0.63 ms, found 1 plugins.
Preloading 0 native plugins for Editor in 0.00 ms.
Unloading 1808 Unused Serialized files (Serialized files now loaded: 0)
System memory in use before: 88.3 MB.
System memory in use after: 88.3 MB.

Unloading 12 unused Assets to reduce memory usage. Loaded Objects now: 2332.
Total: 2.788100 ms (FindLiveObjects: 0.295000 ms CreateObjectMapping: 0.089500 ms MarkObjects: 2.272400 ms  DeleteObjects: 0.129300 ms)

========================================================================
Received Import Request.
  Time since last request: 886.453046 seconds.
  path: ProjectSettings/TagManager.asset
  artifactKey: Guid(00000000000000003000000000000000) Importer(815301076,1909f56bfc062723c751e8b465ee728b)
Start importing ProjectSettings/TagManager.asset using Guid(00000000000000003000000000000000) Importer(815301076,1909f56bfc062723c751e8b465ee728b)  -> (artifact id: 'f47fc0a671a3af06fab28e13f6ff986a') in 0.021997 seconds
  Import took 0.025622 seconds .

========================================================================
Received Prepare
Registering precompiled user dll's ...
Registered in 0.001182 seconds.
Begin MonoManager ReloadAssembly
Native extension for WindowsStandalone target not found
Native extension for WebGL target not found
Refreshing native plugins compatible for Editor in 0.43 ms, found 1 plugins.
Preloading 0 native plugins for Editor in 0.00 ms.
Invoked RoslynAnalysisRunner static constructor.
RoslynAnalysisRunner will not be running.
RoslynAnalysisRunner has terminated.
Mono: successfully reloaded assembly
- Completed reload, in  0.918 seconds
Platform modules already initialized, skipping
Refreshing native plugins compatible for Editor in 0.46 ms, found 1 plugins.
Preloading 0 native plugins for Editor in 0.00 ms.
Unloading 1808 Unused Serialized files (Serialized files now loaded: 0)
System memory in use before: 88.3 MB.
System memory in use after: 88.3 MB.

Unloading 13 unused Assets to reduce memory usage. Loaded Objects now: 2336.
Total: 2.118200 ms (FindLiveObjects: 0.208700 ms CreateObjectMapping: 0.078200 ms MarkObjects: 1.730200 ms  DeleteObjects: 0.100000 ms)

========================================================================
Received Prepare
Registering precompiled user dll's ...
Registered in 0.001110 seconds.
Begin MonoManager ReloadAssembly
Native extension for WindowsStandalone target not found
Native extension for WebGL target not found
Refreshing native plugins compatible for Editor in 0.44 ms, found 1 plugins.
Preloading 0 native plugins for Editor in 0.00 ms.
Invoked RoslynAnalysisRunner static constructor.
RoslynAnalysisRunner will not be running.
RoslynAnalysisRunner has terminated.
Mono: successfully reloaded assembly
- Completed reload, in  0.932 seconds
Platform modules already initialized, skipping
Refreshing native plugins compatible for Editor in 0.48 ms, found 1 plugins.
Preloading 0 native plugins for Editor in 0.00 ms.
Unloading 1808 Unused Serialized files (Serialized files now loaded: 0)
System memory in use before: 88.3 MB.
System memory in use after: 88.3 MB.

Unloading 12 unused Assets to reduce memory usage. Loaded Objects now: 2340.
Total: 2.537900 ms (FindLiveObjects: 0.339500 ms CreateObjectMapping: 0.107500 ms MarkObjects: 1.980800 ms  DeleteObjects: 0.108300 ms)

========================================================================
Received Prepare
Registering precompiled user dll's ...
Registered in 0.001099 seconds.
Begin MonoManager ReloadAssembly
Native extension for WindowsStandalone target not found
Native extension for WebGL target not found
Refreshing native plugins compatible for Editor in 0.44 ms, found 1 plugins.
Preloading 0 native plugins for Editor in 0.00 ms.
Invoked RoslynAnalysisRunner static constructor.
RoslynAnalysisRunner will not be running.
RoslynAnalysisRunner has terminated.
Mono: successfully reloaded assembly
- Completed reload, in  0.915 seconds
Platform modules already initialized, skipping
Refreshing native plugins compatible for Editor in 0.48 ms, found 1 plugins.
Preloading 0 native plugins for Editor in 0.00 ms.
Unloading 1808 Unused Serialized files (Serialized files now loaded: 0)
System memory in use before: 88.4 MB.
System memory in use after: 88.3 MB.

Unloading 12 unused Assets to reduce memory usage. Loaded Objects now: 2344.
Total: 2.322200 ms (FindLiveObjects: 0.351800 ms CreateObjectMapping: 0.069200 ms MarkObjects: 1.791600 ms  DeleteObjects: 0.108000 ms)

========================================================================
Received Prepare
Registering precompiled user dll's ...
Registered in 0.001111 seconds.
Begin MonoManager ReloadAssembly
Native extension for WindowsStandalone target not found
Native extension for WebGL target not found
Refreshing native plugins compatible for Editor in 0.47 ms, found 1 plugins.
Preloading 0 native plugins for Editor in 0.00 ms.
Invoked RoslynAnalysisRunner static constructor.
RoslynAnalysisRunner will not be running.
RoslynAnalysisRunner has terminated.
Mono: successfully reloaded assembly
- Completed reload, in  0.872 seconds
Platform modules already initialized, skipping
Refreshing native plugins compatible for Editor in 0.47 ms, found 1 plugins.
Preloading 0 native plugins for Editor in 0.00 ms.
Unloading 1808 Unused Serialized files (Serialized files now loaded: 0)
System memory in use before: 88.4 MB.
System memory in use after: 88.3 MB.

Unloading 12 unused Assets to reduce memory usage. Loaded Objects now: 2348.
Total: 2.225000 ms (FindLiveObjects: 0.289100 ms CreateObjectMapping: 0.086700 ms MarkObjects: 1.735900 ms  DeleteObjects: 0.112200 ms)

========================================================================
Received Import Request.
  Time since last request: 1158.466697 seconds.
  path: Assets/Tilemaps/ousideSheet0.png
  artifactKey: Guid(eedec0a152e09c14888ded7e2eeacedf) Importer(815301076,1909f56bfc062723c751e8b465ee728b)
Start importing Assets/Tilemaps/ousideSheet0.png using Guid(eedec0a152e09c14888ded7e2eeacedf) Importer(815301076,1909f56bfc062723c751e8b465ee728b)  -> (artifact id: '851eaf477466f383b7e901956e975ffd') in 0.070442 seconds
  Import took 0.074660 seconds .

========================================================================
Received Import Request.
  Time since last request: 9.869494 seconds.
  path: Assets/Tilemaps/ousideSheet0.png
  artifactKey: Guid(eedec0a152e09c14888ded7e2eeacedf) Importer(815301076,1909f56bfc062723c751e8b465ee728b)
Start importing Assets/Tilemaps/ousideSheet0.png using Guid(eedec0a152e09c14888ded7e2eeacedf) Importer(815301076,1909f56bfc062723c751e8b465ee728b)  -> (artifact id: '7381052ff02862753012716e9d9b54f6') in 0.020141 seconds
  Import took 0.023909 seconds .

========================================================================
Received Import Request.
  Time since last request: 0.011308 seconds.
  path: Assets/Tilemaps/ousideSheet0.png
  artifactKey: Guid(eedec0a152e09c14888ded7e2eeacedf) Importer(815301076,1909f56bfc062723c751e8b465ee728b)
Start importing Assets/Tilemaps/ousideSheet0.png using Guid(eedec0a152e09c14888ded7e2eeacedf) Importer(815301076,1909f56bfc062723c751e8b465ee728b)  -> (artifact id: '7381052ff02862753012716e9d9b54f6') in 0.020020 seconds
  Import took 0.023771 seconds .

========================================================================
Received Import Request.
  Time since last request: 26.378453 seconds.
  path: Assets/Tilemaps/Towns/Outside/houseSheet0.png
  artifactKey: Guid(bac255055bfe8e34ca13913ebd0de193) Importer(815301076,1909f56bfc062723c751e8b465ee728b)
Start importing Assets/Tilemaps/Towns/Outside/houseSheet0.png using Guid(bac255055bfe8e34ca13913ebd0de193) Importer(815301076,1909f56bfc062723c751e8b465ee728b)  -> (artifact id: '8f817c02a3943fe76a6f92df93e6c9c2') in 0.116566 seconds
  Import took 0.121029 seconds .

========================================================================
Received Import Request.
  Time since last request: 0.000302 seconds.
  path: Assets/Tilemaps/Towns/Outside/ousideSheet0.png
  artifactKey: Guid(4dc9a7f70d9f92e45a3d536c99317c2b) Importer(815301076,1909f56bfc062723c751e8b465ee728b)
Start importing Assets/Tilemaps/Towns/Outside/ousideSheet0.png using Guid(4dc9a7f70d9f92e45a3d536c99317c2b) Importer(815301076,1909f56bfc062723c751e8b465ee728b)  -> (artifact id: '6e6c3c47ac283ca9476ce97c8490d068') in 0.023979 seconds
  Import took 0.027482 seconds .

========================================================================
Received Import Request.
  Time since last request: 0.000260 seconds.
  path: Assets/Tilemaps/Towns/Outside/WallsRoof2.png
  artifactKey: Guid(fc6a806a58733194d9640f0fb3740d07) Importer(815301076,1909f56bfc062723c751e8b465ee728b)
Start importing Assets/Tilemaps/Towns/Outside/WallsRoof2.png using Guid(fc6a806a58733194d9640f0fb3740d07) Importer(815301076,1909f56bfc062723c751e8b465ee728b)  -> (artifact id: '6b879235707548a5d4bc430d976f15de') in 0.381263 seconds
  Import took 0.386647 seconds .

========================================================================
Received Import Request.
  Time since last request: 0.000325 seconds.
  path: Assets/Tilemaps/Towns/Outside/castleSheet0.png
  artifactKey: Guid(27af4012d1eba31429acf29828550a3e) Importer(815301076,1909f56bfc062723c751e8b465ee728b)
Start importing Assets/Tilemaps/Towns/Outside/castleSheet0.png using Guid(27af4012d1eba31429acf29828550a3e) Importer(815301076,1909f56bfc062723c751e8b465ee728b)  -> (artifact id: '9580b1059b9ea0122a3685e86c2e1b79') in 0.018567 seconds
  Import took 0.022138 seconds .

========================================================================
Received Import Request.
  Time since last request: 0.000205 seconds.
  path: Assets/Tilemaps/Towns/Outside/Outside1.png
  artifactKey: Guid(60033ba8b423c02459f1dba9ca8f99d4) Importer(815301076,1909f56bfc062723c751e8b465ee728b)
Start importing Assets/Tilemaps/Towns/Outside/Outside1.png using Guid(60033ba8b423c02459f1dba9ca8f99d4) Importer(815301076,1909f56bfc062723c751e8b465ee728b)  -> (artifact id: 'ab2d4b84336423569dc68c3efdf3fc51') in 0.316296 seconds
  Import took 0.320332 seconds .

========================================================================
Received Import Request.
  Time since last request: 0.000334 seconds.
  path: Assets/Tilemaps/Towns/Outside/Outside2.png
  artifactKey: Guid(3d75d31d9cdbc3b478d4556e2593c963) Importer(815301076,1909f56bfc062723c751e8b465ee728b)
Start importing Assets/Tilemaps/Towns/Outside/Outside2.png using Guid(3d75d31d9cdbc3b478d4556e2593c963) Importer(815301076,1909f56bfc062723c751e8b465ee728b)  -> (artifact id: '26bf3594b2079692cfee8420c1ed2edb') in 0.313512 seconds
  Import took 0.320887 seconds .

========================================================================
Received Import Request.
  Time since last request: 0.000243 seconds.
  path: Assets/Tilemaps/Towns/Outside/WallsRoof1.png
  artifactKey: Guid(86be74b93384fd242b569fdf50400930) Importer(815301076,1909f56bfc062723c751e8b465ee728b)
Start importing Assets/Tilemaps/Towns/Outside/WallsRoof1.png using Guid(86be74b93384fd242b569fdf50400930) Importer(815301076,1909f56bfc062723c751e8b465ee728b)  -> (artifact id: 'b8c23ac691a4a39846ddadb7af6478e0') in 0.168946 seconds
  Import took 0.172864 seconds .

========================================================================
Received Import Request.
  Time since last request: 35.852621 seconds.
  path: Assets/Tilemaps/Towns/Inside/Floors1.png
  artifactKey: Guid(df140be4fa4e5d74c8dd32ec347e1b9b) Importer(815301076,1909f56bfc062723c751e8b465ee728b)
Start importing Assets/Tilemaps/Towns/Inside/Floors1.png using Guid(df140be4fa4e5d74c8dd32ec347e1b9b) Importer(815301076,1909f56bfc062723c751e8b465ee728b)  -> (artifact id: '18d1eb35ef18eb4702ae9f63d5c3260d') in 0.326268 seconds
  Import took 0.331261 seconds .

========================================================================
Received Import Request.
  Time since last request: 20.395891 seconds.
  path: Assets/Sprites/Objects/chests2.jpg
  artifactKey: Guid(c1554f55367a8ab49b05da4700a2a524) Importer(815301076,1909f56bfc062723c751e8b465ee728b)
Start importing Assets/Sprites/Objects/chests2.jpg using Guid(c1554f55367a8ab49b05da4700a2a524) Importer(815301076,1909f56bfc062723c751e8b465ee728b)  -> (artifact id: '80e48d2647820c2bc2f7877af77109a4') in 0.020007 seconds
  Import took 0.024148 seconds .

========================================================================
Received Import Request.
  Time since last request: 0.015903 seconds.
  path: Assets/Sprites/Objects/chests0.jpg
  artifactKey: Guid(2ef295a80c1a2644a9214f6fd383a027) Importer(815301076,1909f56bfc062723c751e8b465ee728b)
Start importing Assets/Sprites/Objects/chests0.jpg using Guid(2ef295a80c1a2644a9214f6fd383a027) Importer(815301076,1909f56bfc062723c751e8b465ee728b)  -> (artifact id: '2a543bb09ac1627ea5ce0ce4e7416a80') in 0.018692 seconds
  Import took 0.023808 seconds .

========================================================================
Received Import Request.
  Time since last request: 0.000240 seconds.
  path: Assets/Sprites/Objects/chests1.jpg
  artifactKey: Guid(05c229293bce4564e9903d4bea253a8a) Importer(815301076,1909f56bfc062723c751e8b465ee728b)
Start importing Assets/Sprites/Objects/chests1.jpg using Guid(05c229293bce4564e9903d4bea253a8a) Importer(815301076,1909f56bfc062723c751e8b465ee728b)  -> (artifact id: '0259e7aa15be1cc2f42db4a38380375d') in 0.023082 seconds
  Import took 0.027082 seconds .

========================================================================
Received Import Request.
  Time since last request: 9.046255 seconds.
  path: Assets/Scripts/Prefabs/sheets/ousideSheet0.png
  artifactKey: Guid(cc8a5701f7743c04283d7dbddae5ba81) Importer(815301076,1909f56bfc062723c751e8b465ee728b)
Start importing Assets/Scripts/Prefabs/sheets/ousideSheet0.png using Guid(cc8a5701f7743c04283d7dbddae5ba81) Importer(815301076,1909f56bfc062723c751e8b465ee728b)  -> (artifact id: '3875f0cc9cfedebf53152b32b40b8a11') in 0.307035 seconds
  Import took 0.311285 seconds .

========================================================================
Received Import Request.
  Time since last request: 14.104687 seconds.
  path: Assets/Tilemaps/Water/Water1.png
  artifactKey: Guid(3c6641660c9451f48a259fa1995ab7dc) Importer(815301076,1909f56bfc062723c751e8b465ee728b)
Start importing Assets/Tilemaps/Water/Water1.png using Guid(3c6641660c9451f48a259fa1995ab7dc) Importer(815301076,1909f56bfc062723c751e8b465ee728b)  -> (artifact id: '04227b46f4e2a4a14969a22742e1a3cf') in 0.365528 seconds
  Import took 0.369346 seconds .

========================================================================
Received Prepare
Registering precompiled user dll's ...
Registered in 0.002239 seconds.
Begin MonoManager ReloadAssembly
Native extension for WindowsStandalone target not found
Native extension for WebGL target not found
Refreshing native plugins compatible for Editor in 0.45 ms, found 1 plugins.
Preloading 0 native plugins for Editor in 0.00 ms.
Invoked RoslynAnalysisRunner static constructor.
RoslynAnalysisRunner will not be running.
RoslynAnalysisRunner has terminated.
Mono: successfully reloaded assembly
- Completed reload, in  0.934 seconds
Platform modules already initialized, skipping
Refreshing native plugins compatible for Editor in 0.48 ms, found 1 plugins.
Preloading 0 native plugins for Editor in 0.00 ms.
Unloading 1808 Unused Serialized files (Serialized files now loaded: 0)
System memory in use before: 88.6 MB.
System memory in use after: 88.6 MB.

Unloading 12 unused Assets to reduce memory usage. Loaded Objects now: 2368.
Total: 2.253600 ms (FindLiveObjects: 0.273100 ms CreateObjectMapping: 0.138100 ms MarkObjects: 1.741300 ms  DeleteObjects: 0.100200 ms)

========================================================================
Received Prepare
Registering precompiled user dll's ...
Registered in 0.001269 seconds.
Begin MonoManager ReloadAssembly
Native extension for WindowsStandalone target not found
Native extension for WebGL target not found
Refreshing native plugins compatible for Editor in 0.46 ms, found 1 plugins.
Preloading 0 native plugins for Editor in 0.00 ms.
Invoked RoslynAnalysisRunner static constructor.
RoslynAnalysisRunner will not be running.
RoslynAnalysisRunner has terminated.
Mono: successfully reloaded assembly
- Completed reload, in  0.890 seconds
Platform modules already initialized, skipping
Refreshing native plugins compatible for Editor in 0.50 ms, found 1 plugins.
Preloading 0 native plugins for Editor in 0.00 ms.
Unloading 1808 Unused Serialized files (Serialized files now loaded: 0)
System memory in use before: 88.6 MB.
System memory in use after: 88.6 MB.

Unloading 12 unused Assets to reduce memory usage. Loaded Objects now: 2372.
Total: 2.448200 ms (FindLiveObjects: 0.414800 ms CreateObjectMapping: 0.109300 ms MarkObjects: 1.814200 ms  DeleteObjects: 0.108100 ms)

========================================================================
Received Prepare
Registering precompiled user dll's ...
Registered in 0.001077 seconds.
Begin MonoManager ReloadAssembly
Native extension for WindowsStandalone target not found
Native extension for WebGL target not found
Refreshing native plugins compatible for Editor in 1.05 ms, found 1 plugins.
Preloading 0 native plugins for Editor in 0.00 ms.
Invoked RoslynAnalysisRunner static constructor.
RoslynAnalysisRunner will not be running.
RoslynAnalysisRunner has terminated.
Mono: successfully reloaded assembly
- Completed reload, in  1.087 seconds
Platform modules already initialized, skipping
Refreshing native plugins compatible for Editor in 0.45 ms, found 1 plugins.
Preloading 0 native plugins for Editor in 0.00 ms.
Unloading 1808 Unused Serialized files (Serialized files now loaded: 0)
System memory in use before: 88.7 MB.
System memory in use after: 88.6 MB.

Unloading 12 unused Assets to reduce memory usage. Loaded Objects now: 2376.
Total: 2.543500 ms (FindLiveObjects: 0.439100 ms CreateObjectMapping: 0.146600 ms MarkObjects: 1.844700 ms  DeleteObjects: 0.111500 ms)

========================================================================
Received Prepare
Registering precompiled user dll's ...
Registered in 0.001258 seconds.
Begin MonoManager ReloadAssembly
Native extension for WindowsStandalone target not found
Native extension for WebGL target not found
Refreshing native plugins compatible for Editor in 0.43 ms, found 1 plugins.
Preloading 0 native plugins for Editor in 0.00 ms.
Invoked RoslynAnalysisRunner static constructor.
RoslynAnalysisRunner will not be running.
RoslynAnalysisRunner has terminated.
Mono: successfully reloaded assembly
- Completed reload, in  0.866 seconds
Platform modules already initialized, skipping
Refreshing native plugins compatible for Editor in 0.47 ms, found 1 plugins.
Preloading 0 native plugins for Editor in 0.00 ms.
Unloading 1808 Unused Serialized files (Serialized files now loaded: 0)
System memory in use before: 88.7 MB.
System memory in use after: 88.6 MB.

Unloading 12 unused Assets to reduce memory usage. Loaded Objects now: 2380.
Total: 10.907100 ms (FindLiveObjects: 0.998400 ms CreateObjectMapping: 1.539800 ms MarkObjects: 8.155300 ms  DeleteObjects: 0.211200 ms)

========================================================================
Received Import Request.
  Time since last request: 32232.813175 seconds.
  path: Assets/Scripts/Prefabs/prefabs/tree04.prefab
  artifactKey: Guid(edfb0e1cc473cab48a765988ab09e4f1) Importer(815301076,1909f56bfc062723c751e8b465ee728b)
Start importing Assets/Scripts/Prefabs/prefabs/tree04.prefab using Guid(edfb0e1cc473cab48a765988ab09e4f1) Importer(815301076,1909f56bfc062723c751e8b465ee728b)  -> (artifact id: '80466e3ef6cea2575a2eb2f9b5cf3375') in 0.082346 seconds
  Import took 0.087588 seconds .

========================================================================
Received Import Request.
  Time since last request: 0.519328 seconds.
  path: Assets/Scripts/Prefabs/prefabs/tree04.prefab
  artifactKey: Guid(edfb0e1cc473cab48a765988ab09e4f1) Importer(815301076,1909f56bfc062723c751e8b465ee728b)
Start importing Assets/Scripts/Prefabs/prefabs/tree04.prefab using Guid(edfb0e1cc473cab48a765988ab09e4f1) Importer(815301076,1909f56bfc062723c751e8b465ee728b)  -> (artifact id: 'd536a31fcb2de8a0f93a8f5b059fff2d') in 0.020248 seconds
  Import took 0.024687 seconds .

========================================================================
Received Import Request.
  Time since last request: 0.019921 seconds.
  path: Assets/Scripts/Prefabs/prefabs/tree04.prefab
  artifactKey: Guid(edfb0e1cc473cab48a765988ab09e4f1) Importer(815301076,1909f56bfc062723c751e8b465ee728b)
Start importing Assets/Scripts/Prefabs/prefabs/tree04.prefab using Guid(edfb0e1cc473cab48a765988ab09e4f1) Importer(815301076,1909f56bfc062723c751e8b465ee728b)  -> (artifact id: 'd536a31fcb2de8a0f93a8f5b059fff2d') in 0.020405 seconds
  Import took 0.025083 seconds .

========================================================================
Received Import Request.
  Time since last request: 9.055448 seconds.
  path: Assets/Scripts/Prefabs/sheets/unpacked/ousideSheet0_29.asset
  artifactKey: Guid(ae9cce798c2b56b48b2edd97c2f34cda) Importer(815301076,1909f56bfc062723c751e8b465ee728b)
Start importing Assets/Scripts/Prefabs/sheets/unpacked/ousideSheet0_29.asset using Guid(ae9cce798c2b56b48b2edd97c2f34cda) Importer(815301076,1909f56bfc062723c751e8b465ee728b)  -> (artifact id: '177c720c18497c637b068f6ef43432db') in 0.023281 seconds
  Import took 0.028379 seconds .

========================================================================
Received Import Request.
  Time since last request: 0.000295 seconds.
  path: Assets/Scripts/Prefabs/sheets/unpacked/ousideSheet0_31.asset
  artifactKey: Guid(4f013655c3f9da942a0b263204711a27) Importer(815301076,1909f56bfc062723c751e8b465ee728b)
Start importing Assets/Scripts/Prefabs/sheets/unpacked/ousideSheet0_31.asset using Guid(4f013655c3f9da942a0b263204711a27) Importer(815301076,1909f56bfc062723c751e8b465ee728b)  -> (artifact id: '15477eddfe2a2740e4be1db356776303') in 0.018800 seconds
  Import took 0.024117 seconds .

========================================================================
Received Import Request.
  Time since last request: 0.000273 seconds.
  path: Assets/Scripts/Prefabs/sheets/unpacked/ousideSheet0_30.asset
  artifactKey: Guid(d820ba2055a425a428f9c6f10d5ac845) Importer(815301076,1909f56bfc062723c751e8b465ee728b)
Start importing Assets/Scripts/Prefabs/sheets/unpacked/ousideSheet0_30.asset using Guid(d820ba2055a425a428f9c6f10d5ac845) Importer(815301076,1909f56bfc062723c751e8b465ee728b)  -> (artifact id: '1a5cbd6af1969fe81ad5f3fb4aa6659f') in 0.017093 seconds
  Import took 0.022032 seconds .

========================================================================
Received Import Request.
  Time since last request: 0.000224 seconds.
  path: Assets/Scripts/Prefabs/sheets/unpacked/ousideSheet0_32.asset
  artifactKey: Guid(4a1faa2db0acc6240b2c2699a9050b59) Importer(815301076,1909f56bfc062723c751e8b465ee728b)
Start importing Assets/Scripts/Prefabs/sheets/unpacked/ousideSheet0_32.asset using Guid(4a1faa2db0acc6240b2c2699a9050b59) Importer(815301076,1909f56bfc062723c751e8b465ee728b)  -> (artifact id: '687029a0c8a1d2d352e886d705df6735') in 0.015444 seconds
  Import took 0.020928 seconds .

========================================================================
Received Import Request.
  Time since last request: 0.000259 seconds.
  path: Assets/Scripts/Prefabs/sheets/unpacked/ousideSheet0_33.asset
  artifactKey: Guid(d72e566015fecbe4d9e8b51fdf329e30) Importer(815301076,1909f56bfc062723c751e8b465ee728b)
Start importing Assets/Scripts/Prefabs/sheets/unpacked/ousideSheet0_33.asset using Guid(d72e566015fecbe4d9e8b51fdf329e30) Importer(815301076,1909f56bfc062723c751e8b465ee728b)  -> (artifact id: 'f996bc7e63c45b99c9809bc735317ecf') in 0.016093 seconds
  Import took 0.019818 seconds .

========================================================================
Received Import Request.
  Time since last request: 110.660625 seconds.
  path: Assets/Scripts/Prefabs/sheets/ousideSheet0.png
  artifactKey: Guid(cc8a5701f7743c04283d7dbddae5ba81) Importer(815301076,1909f56bfc062723c751e8b465ee728b)
Start importing Assets/Scripts/Prefabs/sheets/ousideSheet0.png using Guid(cc8a5701f7743c04283d7dbddae5ba81) Importer(815301076,1909f56bfc062723c751e8b465ee728b)  -> (artifact id: 'e3eb0e3bd2725bf40bda9c8ef070e7f0') in 0.314273 seconds
  Import took 0.318741 seconds .

========================================================================
Received Prepare
Registering precompiled user dll's ...
Registered in 0.048522 seconds.
Begin MonoManager ReloadAssembly
Native extension for WindowsStandalone target not found
Native extension for WebGL target not found
Refreshing native plugins compatible for Editor in 0.45 ms, found 1 plugins.
Preloading 0 native plugins for Editor in 0.00 ms.
Invoked RoslynAnalysisRunner static constructor.
RoslynAnalysisRunner will not be running.
RoslynAnalysisRunner has terminated.
Mono: successfully reloaded assembly
- Completed reload, in  0.953 seconds
Platform modules already initialized, skipping
Refreshing native plugins compatible for Editor in 1.09 ms, found 1 plugins.
Preloading 0 native plugins for Editor in 0.00 ms.
Unloading 1808 Unused Serialized files (Serialized files now loaded: 0)
System memory in use before: 88.8 MB.
System memory in use after: 88.8 MB.

Unloading 12 unused Assets to reduce memory usage. Loaded Objects now: 2387.
Total: 2.212400 ms (FindLiveObjects: 0.204000 ms CreateObjectMapping: 0.082100 ms MarkObjects: 1.824100 ms  DeleteObjects: 0.100900 ms)

========================================================================
Received Prepare
Registering precompiled user dll's ...
Registered in 0.001387 seconds.
Begin MonoManager ReloadAssembly
Native extension for WindowsStandalone target not found
Native extension for WebGL target not found
Refreshing native plugins compatible for Editor in 0.46 ms, found 1 plugins.
Preloading 0 native plugins for Editor in 0.00 ms.
Invoked RoslynAnalysisRunner static constructor.
RoslynAnalysisRunner will not be running.
RoslynAnalysisRunner has terminated.
Mono: successfully reloaded assembly
- Completed reload, in  0.961 seconds
Platform modules already initialized, skipping
Refreshing native plugins compatible for Editor in 0.52 ms, found 1 plugins.
Preloading 0 native plugins for Editor in 0.00 ms.
Unloading 1808 Unused Serialized files (Serialized files now loaded: 0)
System memory in use before: 88.8 MB.
System memory in use after: 88.8 MB.

Unloading 12 unused Assets to reduce memory usage. Loaded Objects now: 2391.
Total: 2.237100 ms (FindLiveObjects: 0.196400 ms CreateObjectMapping: 0.065800 ms MarkObjects: 1.867000 ms  DeleteObjects: 0.107000 ms)

========================================================================
Received Prepare
Registering precompiled user dll's ...
Registered in 0.001130 seconds.
Begin MonoManager ReloadAssembly
Native extension for WindowsStandalone target not found
Native extension for WebGL target not found
Refreshing native plugins compatible for Editor in 0.45 ms, found 1 plugins.
Preloading 0 native plugins for Editor in 0.00 ms.
Invoked RoslynAnalysisRunner static constructor.
RoslynAnalysisRunner will not be running.
RoslynAnalysisRunner has terminated.
Mono: successfully reloaded assembly
- Completed reload, in  0.961 seconds
Platform modules already initialized, skipping
Refreshing native plugins compatible for Editor in 0.48 ms, found 1 plugins.
Preloading 0 native plugins for Editor in 0.00 ms.
Unloading 1808 Unused Serialized files (Serialized files now loaded: 0)
System memory in use before: 88.8 MB.
System memory in use after: 88.8 MB.

Unloading 12 unused Assets to reduce memory usage. Loaded Objects now: 2395.
Total: 2.335500 ms (FindLiveObjects: 0.238400 ms CreateObjectMapping: 0.065000 ms MarkObjects: 1.930800 ms  DeleteObjects: 0.100200 ms)

========================================================================
Received Prepare
Registering precompiled user dll's ...
Registered in 0.002067 seconds.
Begin MonoManager ReloadAssembly
Native extension for WindowsStandalone target not found
Native extension for WebGL target not found
Refreshing native plugins compatible for Editor in 0.51 ms, found 1 plugins.
Preloading 0 native plugins for Editor in 0.00 ms.
Invoked RoslynAnalysisRunner static constructor.
RoslynAnalysisRunner will not be running.
RoslynAnalysisRunner has terminated.
Mono: successfully reloaded assembly
- Completed reload, in  0.980 seconds
Platform modules already initialized, skipping
Refreshing native plugins compatible for Editor in 0.50 ms, found 1 plugins.
Preloading 0 native plugins for Editor in 0.00 ms.
Unloading 1808 Unused Serialized files (Serialized files now loaded: 0)
System memory in use before: 88.8 MB.
System memory in use after: 88.8 MB.

Unloading 12 unused Assets to reduce memory usage. Loaded Objects now: 2399.
Total: 2.985900 ms (FindLiveObjects: 0.444300 ms CreateObjectMapping: 0.172000 ms MarkObjects: 2.261400 ms  DeleteObjects: 0.107100 ms)

========================================================================
Received Prepare
Registering precompiled user dll's ...
Registered in 0.001086 seconds.
Begin MonoManager ReloadAssembly
Native extension for WindowsStandalone target not found
Native extension for WebGL target not found
Refreshing native plugins compatible for Editor in 0.58 ms, found 1 plugins.
Preloading 0 native plugins for Editor in 0.00 ms.
Invoked RoslynAnalysisRunner static constructor.
RoslynAnalysisRunner will not be running.
RoslynAnalysisRunner has terminated.
Mono: successfully reloaded assembly
- Completed reload, in  1.047 seconds
Platform modules already initialized, skipping
Refreshing native plugins compatible for Editor in 0.52 ms, found 1 plugins.
Preloading 0 native plugins for Editor in 0.00 ms.
Unloading 1808 Unused Serialized files (Serialized files now loaded: 0)
System memory in use before: 88.8 MB.
System memory in use after: 88.8 MB.

Unloading 12 unused Assets to reduce memory usage. Loaded Objects now: 2403.
Total: 2.641500 ms (FindLiveObjects: 0.316900 ms CreateObjectMapping: 0.103100 ms MarkObjects: 2.099100 ms  DeleteObjects: 0.120500 ms)

========================================================================
Received Prepare
Registering precompiled user dll's ...
Registered in 0.001661 seconds.
Begin MonoManager ReloadAssembly
Native extension for WindowsStandalone target not found
Native extension for WebGL target not found
Refreshing native plugins compatible for Editor in 0.53 ms, found 1 plugins.
Preloading 0 native plugins for Editor in 0.00 ms.
Invoked RoslynAnalysisRunner static constructor.
RoslynAnalysisRunner will not be running.
RoslynAnalysisRunner has terminated.
Mono: successfully reloaded assembly
- Completed reload, in  0.935 seconds
Platform modules already initialized, skipping
Refreshing native plugins compatible for Editor in 0.48 ms, found 1 plugins.
Preloading 0 native plugins for Editor in 0.00 ms.
Unloading 1808 Unused Serialized files (Serialized files now loaded: 0)
System memory in use before: 88.8 MB.
System memory in use after: 88.8 MB.

Unloading 12 unused Assets to reduce memory usage. Loaded Objects now: 2407.
Total: 2.490000 ms (FindLiveObjects: 0.248800 ms CreateObjectMapping: 0.084800 ms MarkObjects: 2.016000 ms  DeleteObjects: 0.139400 ms)

========================================================================
Received Prepare
Registering precompiled user dll's ...
Registered in 0.005736 seconds.
Begin MonoManager ReloadAssembly
Native extension for WindowsStandalone target not found
Native extension for WebGL target not found
Refreshing native plugins compatible for Editor in 0.61 ms, found 1 plugins.
Preloading 0 native plugins for Editor in 0.00 ms.
Invoked RoslynAnalysisRunner static constructor.
RoslynAnalysisRunner will not be running.
RoslynAnalysisRunner has terminated.
Mono: successfully reloaded assembly
- Completed reload, in  1.148 seconds
Platform modules already initialized, skipping
Refreshing native plugins compatible for Editor in 0.64 ms, found 1 plugins.
Preloading 0 native plugins for Editor in 0.00 ms.
Unloading 1808 Unused Serialized files (Serialized files now loaded: 0)
System memory in use before: 88.8 MB.
System memory in use after: 88.8 MB.

Unloading 12 unused Assets to reduce memory usage. Loaded Objects now: 2411.
Total: 2.980700 ms (FindLiveObjects: 0.403900 ms CreateObjectMapping: 0.123700 ms MarkObjects: 2.271500 ms  DeleteObjects: 0.180000 ms)

========================================================================
Received Prepare
Registering precompiled user dll's ...
Registered in 0.001052 seconds.
Begin MonoManager ReloadAssembly
Native extension for WindowsStandalone target not found
Native extension for WebGL target not found
Refreshing native plugins compatible for Editor in 0.76 ms, found 1 plugins.
Preloading 0 native plugins for Editor in 0.00 ms.
Invoked RoslynAnalysisRunner static constructor.
RoslynAnalysisRunner will not be running.
RoslynAnalysisRunner has terminated.
Mono: successfully reloaded assembly
- Completed reload, in  0.957 seconds
Platform modules already initialized, skipping
Refreshing native plugins compatible for Editor in 0.48 ms, found 1 plugins.
Preloading 0 native plugins for Editor in 0.00 ms.
Unloading 1808 Unused Serialized files (Serialized files now loaded: 0)
System memory in use before: 88.9 MB.
System memory in use after: 88.8 MB.

Unloading 12 unused Assets to reduce memory usage. Loaded Objects now: 2415.
Total: 3.230500 ms (FindLiveObjects: 0.256500 ms CreateObjectMapping: 0.075300 ms MarkObjects: 2.714800 ms  DeleteObjects: 0.182700 ms)

========================================================================
Received Prepare
Registering precompiled user dll's ...
Registered in 0.001730 seconds.
Begin MonoManager ReloadAssembly
Native extension for WindowsStandalone target not found
Native extension for WebGL target not found
Refreshing native plugins compatible for Editor in 1.21 ms, found 1 plugins.
Preloading 0 native plugins for Editor in 0.00 ms.
Invoked RoslynAnalysisRunner static constructor.
RoslynAnalysisRunner will not be running.
RoslynAnalysisRunner has terminated.
Mono: successfully reloaded assembly
- Completed reload, in  1.116 seconds
Platform modules already initialized, skipping
Refreshing native plugins compatible for Editor in 0.47 ms, found 1 plugins.
Preloading 0 native plugins for Editor in 0.00 ms.
Unloading 1808 Unused Serialized files (Serialized files now loaded: 0)
System memory in use before: 88.9 MB.
System memory in use after: 88.8 MB.

Unloading 12 unused Assets to reduce memory usage. Loaded Objects now: 2419.
Total: 3.675700 ms (FindLiveObjects: 0.309200 ms CreateObjectMapping: 0.114900 ms MarkObjects: 2.849600 ms  DeleteObjects: 0.399800 ms)

========================================================================
Received Prepare
Registering precompiled user dll's ...
Registered in 0.001188 seconds.
Begin MonoManager ReloadAssembly
Native extension for WindowsStandalone target not found
Native extension for WebGL target not found
Refreshing native plugins compatible for Editor in 0.52 ms, found 1 plugins.
Preloading 0 native plugins for Editor in 0.00 ms.
Invoked RoslynAnalysisRunner static constructor.
RoslynAnalysisRunner will not be running.
RoslynAnalysisRunner has terminated.
Mono: successfully reloaded assembly
- Completed reload, in  0.879 seconds
Platform modules already initialized, skipping
Refreshing native plugins compatible for Editor in 0.72 ms, found 1 plugins.
Preloading 0 native plugins for Editor in 0.00 ms.
Unloading 1808 Unused Serialized files (Serialized files now loaded: 0)
System memory in use before: 88.9 MB.
System memory in use after: 88.9 MB.

Unloading 12 unused Assets to reduce memory usage. Loaded Objects now: 2423.
Total: 2.559900 ms (FindLiveObjects: 0.252100 ms CreateObjectMapping: 0.084800 ms MarkObjects: 2.117400 ms  DeleteObjects: 0.104600 ms)

========================================================================
Received Prepare
Registering precompiled user dll's ...
Registered in 0.001579 seconds.
Begin MonoManager ReloadAssembly
Native extension for WindowsStandalone target not found
Native extension for WebGL target not found
Refreshing native plugins compatible for Editor in 0.62 ms, found 1 plugins.
Preloading 0 native plugins for Editor in 0.00 ms.
Invoked RoslynAnalysisRunner static constructor.
RoslynAnalysisRunner will not be running.
RoslynAnalysisRunner has terminated.
Mono: successfully reloaded assembly
- Completed reload, in  1.077 seconds
Platform modules already initialized, skipping
Refreshing native plugins compatible for Editor in 1.10 ms, found 1 plugins.
Preloading 0 native plugins for Editor in 0.00 ms.
Unloading 1808 Unused Serialized files (Serialized files now loaded: 0)
System memory in use before: 88.9 MB.
System memory in use after: 88.9 MB.

Unloading 12 unused Assets to reduce memory usage. Loaded Objects now: 2427.
Total: 3.952200 ms (FindLiveObjects: 0.191500 ms CreateObjectMapping: 0.065200 ms MarkObjects: 3.262300 ms  DeleteObjects: 0.426600 ms)

========================================================================
Received Import Request.
  Time since last request: 2472.334754 seconds.
  path: Assets/Scripts/Prefabs/objects
  artifactKey: Guid(2174992d2eeabe94392c7d63acd7001f) Importer(815301076,1909f56bfc062723c751e8b465ee728b)
Start importing Assets/Scripts/Prefabs/objects using Guid(2174992d2eeabe94392c7d63acd7001f) Importer(815301076,1909f56bfc062723c751e8b465ee728b)  -> (artifact id: '9156729a8c9dec335b66b8cef085f14b') in 0.015981 seconds
  Import took 0.020568 seconds .

========================================================================
Received Prepare
Registering precompiled user dll's ...
Registered in 0.054267 seconds.
Begin MonoManager ReloadAssembly
Native extension for WindowsStandalone target not found
Native extension for WebGL target not found
Refreshing native plugins compatible for Editor in 0.48 ms, found 1 plugins.
Preloading 0 native plugins for Editor in 0.00 ms.
Invoked RoslynAnalysisRunner static constructor.
RoslynAnalysisRunner will not be running.
RoslynAnalysisRunner has terminated.
Mono: successfully reloaded assembly
- Completed reload, in  1.018 seconds
Platform modules already initialized, skipping
Refreshing native plugins compatible for Editor in 0.43 ms, found 1 plugins.
Preloading 0 native plugins for Editor in 0.00 ms.
Unloading 1808 Unused Serialized files (Serialized files now loaded: 0)
System memory in use before: 88.9 MB.
System memory in use after: 88.9 MB.

Unloading 12 unused Assets to reduce memory usage. Loaded Objects now: 2431.
Total: 2.237900 ms (FindLiveObjects: 0.162600 ms CreateObjectMapping: 0.052100 ms MarkObjects: 1.893000 ms  DeleteObjects: 0.128700 ms)

========================================================================
Received Prepare
Registering precompiled user dll's ...
Registered in 0.001041 seconds.
Begin MonoManager ReloadAssembly
Native extension for WindowsStandalone target not found
Native extension for WebGL target not found
Refreshing native plugins compatible for Editor in 0.49 ms, found 1 plugins.
Preloading 0 native plugins for Editor in 0.00 ms.
Invoked RoslynAnalysisRunner static constructor.
RoslynAnalysisRunner will not be running.
RoslynAnalysisRunner has terminated.
Mono: successfully reloaded assembly
- Completed reload, in  0.886 seconds
Platform modules already initialized, skipping
Refreshing native plugins compatible for Editor in 0.52 ms, found 1 plugins.
Preloading 0 native plugins for Editor in 0.00 ms.
Unloading 1808 Unused Serialized files (Serialized files now loaded: 0)
System memory in use before: 88.9 MB.
System memory in use after: 88.9 MB.

Unloading 12 unused Assets to reduce memory usage. Loaded Objects now: 2435.
Total: 2.158500 ms (FindLiveObjects: 0.193200 ms CreateObjectMapping: 0.063900 ms MarkObjects: 1.795300 ms  DeleteObjects: 0.104300 ms)

========================================================================
Received Prepare
Registering precompiled user dll's ...
Registered in 0.001208 seconds.
Begin MonoManager ReloadAssembly
Native extension for WindowsStandalone target not found
Native extension for WebGL target not found
Refreshing native plugins compatible for Editor in 0.46 ms, found 1 plugins.
Preloading 0 native plugins for Editor in 0.00 ms.
Invoked RoslynAnalysisRunner static constructor.
RoslynAnalysisRunner will not be running.
RoslynAnalysisRunner has terminated.
Mono: successfully reloaded assembly
- Completed reload, in  0.895 seconds
Platform modules already initialized, skipping
Refreshing native plugins compatible for Editor in 0.48 ms, found 1 plugins.
Preloading 0 native plugins for Editor in 0.00 ms.
Unloading 1808 Unused Serialized files (Serialized files now loaded: 0)
System memory in use before: 88.9 MB.
System memory in use after: 88.9 MB.

Unloading 12 unused Assets to reduce memory usage. Loaded Objects now: 2439.
Total: 2.178400 ms (FindLiveObjects: 0.179500 ms CreateObjectMapping: 0.061000 ms MarkObjects: 1.816100 ms  DeleteObjects: 0.120900 ms)

========================================================================
Received Prepare
Registering precompiled user dll's ...
Registered in 0.001114 seconds.
Begin MonoManager ReloadAssembly
Native extension for WindowsStandalone target not found
Native extension for WebGL target not found
Refreshing native plugins compatible for Editor in 0.44 ms, found 1 plugins.
Preloading 0 native plugins for Editor in 0.00 ms.
Invoked RoslynAnalysisRunner static constructor.
RoslynAnalysisRunner will not be running.
RoslynAnalysisRunner has terminated.
Mono: successfully reloaded assembly
- Completed reload, in  0.875 seconds
Platform modules already initialized, skipping
Refreshing native plugins compatible for Editor in 0.44 ms, found 1 plugins.
Preloading 0 native plugins for Editor in 0.00 ms.
Unloading 1808 Unused Serialized files (Serialized files now loaded: 0)
System memory in use before: 88.9 MB.
System memory in use after: 88.9 MB.

Unloading 12 unused Assets to reduce memory usage. Loaded Objects now: 2443.
Total: 2.523000 ms (FindLiveObjects: 0.314000 ms CreateObjectMapping: 0.144800 ms MarkObjects: 1.956900 ms  DeleteObjects: 0.105300 ms)

========================================================================
Received Import Request.
  Time since last request: 25738.993691 seconds.
  path: Assets/Tilemaps/Towns/Outside/castleSheet1.png
  artifactKey: Guid(7bf15157dfeb953428c132133e05d55d) Importer(815301076,1909f56bfc062723c751e8b465ee728b)
Start importing Assets/Tilemaps/Towns/Outside/castleSheet1.png using Guid(7bf15157dfeb953428c132133e05d55d) Importer(815301076,1909f56bfc062723c751e8b465ee728b)  -> (artifact id: '4be1e025fb20f2c43a99d91c7fce0caf') in 0.109595 seconds
  Import took 0.116731 seconds .

========================================================================
Received Import Request.
  Time since last request: 5543.052715 seconds.
  path: Assets/Tilemaps/Towns/Outside/castleSheet0.png
  artifactKey: Guid(27af4012d1eba31429acf29828550a3e) Importer(815301076,1909f56bfc062723c751e8b465ee728b)
Start importing Assets/Tilemaps/Towns/Outside/castleSheet0.png using Guid(27af4012d1eba31429acf29828550a3e) Importer(815301076,1909f56bfc062723c751e8b465ee728b)  -> (artifact id: '73f9b582c5e2c8fee2a02ea97ddd8e5a') in 0.198038 seconds
  Import took 0.245059 seconds .

========================================================================
Received Prepare
Registering precompiled user dll's ...
Registered in 0.003918 seconds.
Begin MonoManager ReloadAssembly
Native extension for WindowsStandalone target not found
Native extension for WebGL target not found
Refreshing native plugins compatible for Editor in 0.52 ms, found 1 plugins.
Preloading 0 native plugins for Editor in 0.00 ms.
Invoked RoslynAnalysisRunner static constructor.
RoslynAnalysisRunner will not be running.
RoslynAnalysisRunner has terminated.
Mono: successfully reloaded assembly
- Completed reload, in  1.704 seconds
Platform modules already initialized, skipping
Refreshing native plugins compatible for Editor in 0.55 ms, found 1 plugins.
Preloading 0 native plugins for Editor in 0.00 ms.
Unloading 1808 Unused Serialized files (Serialized files now loaded: 0)
System memory in use before: 89.0 MB.
System memory in use after: 88.9 MB.

Unloading 12 unused Assets to reduce memory usage. Loaded Objects now: 2448.
Total: 6.954500 ms (FindLiveObjects: 1.014400 ms CreateObjectMapping: 0.566100 ms MarkObjects: 5.175400 ms  DeleteObjects: 0.196900 ms)

========================================================================
Received Prepare
Registering precompiled user dll's ...
Registered in 0.001131 seconds.
Begin MonoManager ReloadAssembly
Native extension for WindowsStandalone target not found
Native extension for WebGL target not found
Refreshing native plugins compatible for Editor in 0.51 ms, found 1 plugins.
Preloading 0 native plugins for Editor in 0.00 ms.
Invoked RoslynAnalysisRunner static constructor.
RoslynAnalysisRunner will not be running.
RoslynAnalysisRunner has terminated.
Mono: successfully reloaded assembly
- Completed reload, in  0.997 seconds
Platform modules already initialized, skipping
Refreshing native plugins compatible for Editor in 0.52 ms, found 1 plugins.
Preloading 0 native plugins for Editor in 0.00 ms.
Unloading 1808 Unused Serialized files (Serialized files now loaded: 0)
System memory in use before: 89.0 MB.
System memory in use after: 89.0 MB.

Unloading 12 unused Assets to reduce memory usage. Loaded Objects now: 2452.
Total: 2.300100 ms (FindLiveObjects: 0.217400 ms CreateObjectMapping: 0.066700 ms MarkObjects: 1.904200 ms  DeleteObjects: 0.110000 ms)

========================================================================
Received Prepare
Registering precompiled user dll's ...
Registered in 0.001388 seconds.
Begin MonoManager ReloadAssembly
Native extension for WindowsStandalone target not found
Native extension for WebGL target not found
Refreshing native plugins compatible for Editor in 0.47 ms, found 1 plugins.
Preloading 0 native plugins for Editor in 0.00 ms.
Invoked RoslynAnalysisRunner static constructor.
RoslynAnalysisRunner will not be running.
RoslynAnalysisRunner has terminated.
Mono: successfully reloaded assembly
- Completed reload, in  0.943 seconds
Platform modules already initialized, skipping
Refreshing native plugins compatible for Editor in 0.73 ms, found 1 plugins.
Preloading 0 native plugins for Editor in 0.00 ms.
Unloading 1808 Unused Serialized files (Serialized files now loaded: 0)
System memory in use before: 89.0 MB.
System memory in use after: 89.0 MB.

Unloading 12 unused Assets to reduce memory usage. Loaded Objects now: 2456.
Total: 2.417400 ms (FindLiveObjects: 0.197800 ms CreateObjectMapping: 0.063700 ms MarkObjects: 2.044100 ms  DeleteObjects: 0.110700 ms)

========================================================================
Received Prepare
Registering precompiled user dll's ...
Registered in 0.001260 seconds.
Begin MonoManager ReloadAssembly
Native extension for WindowsStandalone target not found
Native extension for WebGL target not found
Refreshing native plugins compatible for Editor in 0.53 ms, found 1 plugins.
Preloading 0 native plugins for Editor in 0.00 ms.
Invoked RoslynAnalysisRunner static constructor.
RoslynAnalysisRunner will not be running.
RoslynAnalysisRunner has terminated.
Mono: successfully reloaded assembly
- Completed reload, in  0.976 seconds
Platform modules already initialized, skipping
Refreshing native plugins compatible for Editor in 0.84 ms, found 1 plugins.
Preloading 0 native plugins for Editor in 0.00 ms.
Unloading 1808 Unused Serialized files (Serialized files now loaded: 0)
System memory in use before: 89.0 MB.
System memory in use after: 89.0 MB.

Unloading 12 unused Assets to reduce memory usage. Loaded Objects now: 2460.
Total: 2.304900 ms (FindLiveObjects: 0.304400 ms CreateObjectMapping: 0.068000 ms MarkObjects: 1.826200 ms  DeleteObjects: 0.102500 ms)

========================================================================
Received Prepare
Registering precompiled user dll's ...
Registered in 0.001126 seconds.
Begin MonoManager ReloadAssembly
Native extension for WindowsStandalone target not found
Native extension for WebGL target not found
Refreshing native plugins compatible for Editor in 0.50 ms, found 1 plugins.
Preloading 0 native plugins for Editor in 0.00 ms.
Invoked RoslynAnalysisRunner static constructor.
RoslynAnalysisRunner will not be running.
RoslynAnalysisRunner has terminated.
Mono: successfully reloaded assembly
- Completed reload, in  0.925 seconds
Platform modules already initialized, skipping
Refreshing native plugins compatible for Editor in 0.56 ms, found 1 plugins.
Preloading 0 native plugins for Editor in 0.00 ms.
Unloading 1808 Unused Serialized files (Serialized files now loaded: 0)
System memory in use before: 89.0 MB.
System memory in use after: 89.0 MB.

Unloading 12 unused Assets to reduce memory usage. Loaded Objects now: 2464.
Total: 3.113700 ms (FindLiveObjects: 0.800600 ms CreateObjectMapping: 0.407100 ms MarkObjects: 1.797600 ms  DeleteObjects: 0.106700 ms)

AssetImportWorkerClient::OnTransportError - code=2 error=End of file
